<?xml version="1.0" encoding="UTF-8"?>
<!-- Generated by org.testng.reporters.JUnitReportReporter -->
<testsuite hostname="Amarendra" name="biocept.qa.testcases.CTCWorkflow" tests="45" failures="1" timestamp="10 Jul 2019 10:11:34 GMT" time="459.852" errors="0">
  <testcase name="FISHReloAnalysis" time="10.682" classname="biocept.qa.testcases.CTCWorkflow"/>
  <testcase name="EnumerationImageReview" time="22.597" classname="biocept.qa.testcases.CTCWorkflow"/>
  <testcase name="FISHAutobatchedworklist" time="7.512" classname="biocept.qa.testcases.CTCWorkflow"/>
  <testcase name="DownloadPlasmaCSV" time="0.124" classname="biocept.qa.testcases.CTCWorkflow"/>
  <testcase name="EnumerationImageReviewActivityTitle" time="9.693" classname="biocept.qa.testcases.CTCWorkflow"/>
  <testcase name="CTC_FISH_SampleTraveler" time="0.078" classname="biocept.qa.testcases.CTCWorkflow"/>
  <testcase name="QAReportingWorklistTitle" time="4.578" classname="biocept.qa.testcases.CTCWorkflow"/>
  <testcase name="UploadAccessionImagesPageTitle" time="14.508" classname="biocept.qa.testcases.CTCWorkflow"/>
  <testcase name="MEMSProcessing" time="7.418" classname="biocept.qa.testcases.CTCWorkflow"/>
  <testcase name="GenerateMolecularLabel" time="0.063" classname="biocept.qa.testcases.CTCWorkflow"/>
  <testcase name="LIMSLogin" time="10.500" classname="biocept.qa.testcases.CTCWorkflow"/>
  <testcase name="BioviewScanData" time="8.132" classname="biocept.qa.testcases.CTCWorkflow"/>
  <testcase name="FISHAutobatchedworklistActivityTitle" time="8.292" classname="biocept.qa.testcases.CTCWorkflow"/>
  <testcase name="CellCepProcessing" time="8.714" classname="biocept.qa.testcases.CTCWorkflow"/>
  <testcase name="FishReviewApproveWorklistTitle" time="5.091" classname="biocept.qa.testcases.CTCWorkflow"/>
  <testcase name="CellSepBatching" time="6.971" classname="biocept.qa.testcases.CTCWorkflow"/>
  <testcase name="MemsBatchingActivityTitle" time="9.650" classname="biocept.qa.testcases.CTCWorkflow"/>
  <testcase name="ReportVersionSelectionPopUp" time="23.856" classname="biocept.qa.testcases.CTCWorkflow"/>
  <testcase name="SignoffTheReportForNewVersion" time="20.530" classname="biocept.qa.testcases.CTCWorkflow"/>
  <testcase name="BioviewScanDataActivityTitle" time="7.735" classname="biocept.qa.testcases.CTCWorkflow"/>
  <testcase name="CTC_FISH_SummaryReport" time="0.070" classname="biocept.qa.testcases.CTCWorkflow"/>
  <testcase name="GenerateSmallLabel" time="0.080" classname="biocept.qa.testcases.CTCWorkflow"/>
  <testcase name="PatientNameOnBarcodePage" time="26.227" classname="biocept.qa.testcases.CTCWorkflow"/>
  <testcase name="MEMSProcessingActivityTitle" time="8.587" classname="biocept.qa.testcases.CTCWorkflow"/>
  <testcase name="PlaceNewOrder" time="52.447" classname="biocept.qa.testcases.CTCWorkflow"/>
  <testcase name="MemsBatching" time="6.330" classname="biocept.qa.testcases.CTCWorkflow"/>
  <testcase name="FishReportSignoff" time="44.831" classname="biocept.qa.testcases.CTCWorkflow"/>
  <testcase name="CellCepProcessingActivityTitle" time="5.348" classname="biocept.qa.testcases.CTCWorkflow"/>
  <testcase name="CTCICCResultsSummaryActivityTitle" time="10.034" classname="biocept.qa.testcases.CTCWorkflow"/>
  <testcase name="CTC_FISH_ScoreSheet" time="0.085" classname="biocept.qa.testcases.CTCWorkflow"/>
  <testcase name="FISHReloAnalysisActivityTitle" time="7.452" classname="biocept.qa.testcases.CTCWorkflow"/>
  <testcase name="ConfirmationPopupOnCompletedWorklist" time="3.439" classname="biocept.qa.testcases.CTCWorkflow"/>
  <testcase name="GenerateLongLabel" time="0.093" classname="biocept.qa.testcases.CTCWorkflow"/>
  <testcase name="AccesstionType" time="1.074" classname="biocept.qa.testcases.CTCWorkflow"/>
  <testcase name="MyWorklistTitle" time="4.908" classname="biocept.qa.testcases.CTCWorkflow"/>
  <testcase name="CTCICCResultsSummary" time="9.793" classname="biocept.qa.testcases.CTCWorkflow"/>
  <testcase name="dashboard" time="0.246" classname="biocept.qa.testcases.CTCWorkflow">
    <failure type="java.lang.AssertionError" message="expected [7] but found [6]">
      <![CDATA[java.lang.AssertionError: expected [7] but found [6]
	at org.testng.Assert.fail(Assert.java:94)
	at org.testng.Assert.failNotEquals(Assert.java:496)
	at org.testng.Assert.assertEquals(Assert.java:125)
	at org.testng.Assert.assertEquals(Assert.java:372)
	at org.testng.Assert.assertEquals(Assert.java:382)
	at biocept.qa.testcases.CTCWorkflow.dashboard(CTCWorkflow.java:126)
	at sun.reflect.NativeMethodAccessorImpl.invoke0(Native Method)
	at sun.reflect.NativeMethodAccessorImpl.invoke(Unknown Source)
	at sun.reflect.DelegatingMethodAccessorImpl.invoke(Unknown Source)
	at java.lang.reflect.Method.invoke(Unknown Source)
	at org.testng.internal.MethodInvocationHelper.invokeMethod(MethodInvocationHelper.java:85)
	at org.testng.internal.Invoker.invokeMethod(Invoker.java:639)
	at org.testng.internal.Invoker.invokeTestMethod(Invoker.java:816)
	at org.testng.internal.Invoker.invokeTestMethods(Invoker.java:1124)
	at org.testng.internal.TestMethodWorker.invokeTestMethods(TestMethodWorker.java:125)
	at org.testng.internal.TestMethodWorker.run(TestMethodWorker.java:108)
	at org.testng.TestRunner.privateRun(TestRunner.java:774)
	at org.testng.TestRunner.run(TestRunner.java:624)
	at org.testng.SuiteRunner.runTest(SuiteRunner.java:359)
	at org.testng.SuiteRunner.runSequentially(SuiteRunner.java:354)
	at org.testng.SuiteRunner.privateRun(SuiteRunner.java:312)
	at org.testng.SuiteRunner.run(SuiteRunner.java:261)
	at org.testng.SuiteRunnerWorker.runSuite(SuiteRunnerWorker.java:52)
	at org.testng.SuiteRunnerWorker.run(SuiteRunnerWorker.java:86)
	at org.testng.TestNG.runSuitesSequentially(TestNG.java:1191)
	at org.testng.TestNG.runSuitesLocally(TestNG.java:1116)
	at org.testng.TestNG.run(TestNG.java:1024)
	at org.testng.remote.AbstractRemoteTestNG.run(AbstractRemoteTestNG.java:126)
	at org.testng.remote.RemoteTestNG.initAndRun(RemoteTestNG.java:137)
	at org.testng.remote.RemoteTestNG.main(RemoteTestNG.java:58)
]]>
    </failure>
  </testcase> <!-- dashboard -->
  <testcase name="PIActivityTitle" time="10.197" classname="biocept.qa.testcases.CTCWorkflow"/>
  <testcase name="FISHResultsSummaryActivityTitle" time="10.930" classname="biocept.qa.testcases.CTCWorkflow"/>
  <testcase name="TechOnlyProfessionalInterpretation" time="5.405" classname="biocept.qa.testcases.CTCWorkflow"/>
  <testcase name="QAReportingWorklist" time="14.937" classname="biocept.qa.testcases.CTCWorkflow"/>
  <testcase name="CellSepBatchingActivityTitle" time="8.061" classname="biocept.qa.testcases.CTCWorkflow"/>
  <testcase name="ActivityTitleAfterReOpen" time="29.440" classname="biocept.qa.testcases.CTCWorkflow"/>
  <testcase name="FISHResultsSummary" time="7.302" classname="biocept.qa.testcases.CTCWorkflow"/>
  <testcase name="CompletedWorklist" time="5.812" classname="biocept.qa.testcases.CTCWorkflow"/>
</testsuite> <!-- biocept.qa.testcases.CTCWorkflow -->
