<?xml version="1.0" encoding="UTF-8"?>
<!-- Generated by org.testng.reporters.JUnitXMLReporter -->
<testsuite hostname="Amarendra" name="Default test" tests="23" failures="1" timestamp="9 Jul 2019 11:50:43 GMT" time="0.218" errors="0">
  <testcase name="@AfterMethod getResult" time="0.0" classname="biocept.qa.testcases.TestConfig">
    <failure type="java.lang.NullPointerException">
      <![CDATA[java.lang.NullPointerException
	at biocept.qa.testcases.TestConfig.getResult(TestConfig.java:470)
	at sun.reflect.NativeMethodAccessorImpl.invoke0(Native Method)
	at sun.reflect.NativeMethodAccessorImpl.invoke(Unknown Source)
	at sun.reflect.DelegatingMethodAccessorImpl.invoke(Unknown Source)
	at java.lang.reflect.Method.invoke(Unknown Source)
	at org.testng.internal.MethodInvocationHelper.invokeMethod(MethodInvocationHelper.java:85)
	at org.testng.internal.Invoker.invokeConfigurationMethod(Invoker.java:510)
	at org.testng.internal.Invoker.invokeConfigurations(Invoker.java:211)
	at org.testng.internal.Invoker.invokeMethod(Invoker.java:703)
	at org.testng.internal.Invoker.invokeTestMethod(Invoker.java:816)
	at org.testng.internal.Invoker.invokeTestMethods(Invoker.java:1124)
	at org.testng.internal.TestMethodWorker.invokeTestMethods(TestMethodWorker.java:125)
	at org.testng.internal.TestMethodWorker.run(TestMethodWorker.java:108)
	at org.testng.TestRunner.privateRun(TestRunner.java:774)
	at org.testng.TestRunner.run(TestRunner.java:624)
	at org.testng.SuiteRunner.runTest(SuiteRunner.java:359)
	at org.testng.SuiteRunner.runSequentially(SuiteRunner.java:354)
	at org.testng.SuiteRunner.privateRun(SuiteRunner.java:312)
	at org.testng.SuiteRunner.run(SuiteRunner.java:261)
	at org.testng.SuiteRunnerWorker.runSuite(SuiteRunnerWorker.java:52)
	at org.testng.SuiteRunnerWorker.run(SuiteRunnerWorker.java:86)
	at org.testng.TestNG.runSuitesSequentially(TestNG.java:1191)
	at org.testng.TestNG.runSuitesLocally(TestNG.java:1116)
	at org.testng.TestNG.run(TestNG.java:1024)
	at org.testng.remote.AbstractRemoteTestNG.run(AbstractRemoteTestNG.java:126)
	at org.testng.remote.RemoteTestNG.initAndRun(RemoteTestNG.java:137)
	at org.testng.remote.RemoteTestNG.main(RemoteTestNG.java:58)
]]>
    </failure>
  </testcase> <!-- @AfterMethod getResult -->
  <testcase name="@AfterClass LogOut" time="0.0" classname="biocept.qa.testcases.TestConfig">
    <skipped/>
  </testcase> <!-- @AfterClass LogOut -->
  <testcase name="PlaceNewOrderForMolecular" time="0.006" classname="biocept.qa.testcases.TestConfig">
    <failure type="java.lang.NullPointerException">
      <![CDATA[java.lang.NullPointerException
	at biocept.qa.testcases.TestConfig.PlaceNewOrderForMolecular(TestConfig.java:71)
	at sun.reflect.NativeMethodAccessorImpl.invoke0(Native Method)
	at sun.reflect.NativeMethodAccessorImpl.invoke(Unknown Source)
	at sun.reflect.DelegatingMethodAccessorImpl.invoke(Unknown Source)
	at java.lang.reflect.Method.invoke(Unknown Source)
	at org.testng.internal.MethodInvocationHelper.invokeMethod(MethodInvocationHelper.java:85)
	at org.testng.internal.Invoker.invokeMethod(Invoker.java:639)
	at org.testng.internal.Invoker.invokeTestMethod(Invoker.java:816)
	at org.testng.internal.Invoker.invokeTestMethods(Invoker.java:1124)
	at org.testng.internal.TestMethodWorker.invokeTestMethods(TestMethodWorker.java:125)
	at org.testng.internal.TestMethodWorker.run(TestMethodWorker.java:108)
	at org.testng.TestRunner.privateRun(TestRunner.java:774)
	at org.testng.TestRunner.run(TestRunner.java:624)
	at org.testng.SuiteRunner.runTest(SuiteRunner.java:359)
	at org.testng.SuiteRunner.runSequentially(SuiteRunner.java:354)
	at org.testng.SuiteRunner.privateRun(SuiteRunner.java:312)
	at org.testng.SuiteRunner.run(SuiteRunner.java:261)
	at org.testng.SuiteRunnerWorker.runSuite(SuiteRunnerWorker.java:52)
	at org.testng.SuiteRunnerWorker.run(SuiteRunnerWorker.java:86)
	at org.testng.TestNG.runSuitesSequentially(TestNG.java:1191)
	at org.testng.TestNG.runSuitesLocally(TestNG.java:1116)
	at org.testng.TestNG.run(TestNG.java:1024)
	at org.testng.remote.AbstractRemoteTestNG.run(AbstractRemoteTestNG.java:126)
	at org.testng.remote.RemoteTestNG.initAndRun(RemoteTestNG.java:137)
	at org.testng.remote.RemoteTestNG.main(RemoteTestNG.java:58)
]]>
    </failure>
  </testcase> <!-- PlaceNewOrderForMolecular -->
  <testcase name="UploadMacroFile" time="0.0" classname="biocept.qa.testcases.TestConfig">
    <skipped/>
  </testcase> <!-- UploadMacroFile -->
  <testcase name="NRASResultingActivityTitle" time="0.0" classname="biocept.qa.testcases.TestConfig">
    <skipped/>
  </testcase> <!-- NRASResultingActivityTitle -->
  <testcase name="NRASResultingUpdateResult" time="0.0" classname="biocept.qa.testcases.TestConfig">
    <skipped/>
  </testcase> <!-- NRASResultingUpdateResult -->
  <testcase name="NRASPIActivityTitle" time="0.0" classname="biocept.qa.testcases.TestConfig">
    <skipped/>
  </testcase> <!-- NRASPIActivityTitle -->
  <testcase name="NRASPIActivityResult" time="0.0" classname="biocept.qa.testcases.TestConfig">
    <skipped/>
  </testcase> <!-- NRASPIActivityResult -->
  <testcase name="NRASReportSignoff" time="0.0" classname="biocept.qa.testcases.TestConfig">
    <skipped/>
  </testcase> <!-- NRASReportSignoff -->
  <testcase name="BRAFResultingActivityTitle" time="0.0" classname="biocept.qa.testcases.TestConfig">
    <skipped/>
  </testcase> <!-- BRAFResultingActivityTitle -->
  <testcase name="BRAFResultingUpdateResult" time="0.0" classname="biocept.qa.testcases.TestConfig">
    <skipped/>
  </testcase> <!-- BRAFResultingUpdateResult -->
  <testcase name="UploadSequenceImagesForBRAF" time="0.0" classname="biocept.qa.testcases.TestConfig">
    <skipped/>
  </testcase> <!-- UploadSequenceImagesForBRAF -->
  <testcase name="BRAFSequencingActivityTitle" time="0.0" classname="biocept.qa.testcases.TestConfig">
    <skipped/>
  </testcase> <!-- BRAFSequencingActivityTitle -->
  <testcase name="BRAFSequencingActivityResult" time="0.0" classname="biocept.qa.testcases.TestConfig">
    <skipped/>
  </testcase> <!-- BRAFSequencingActivityResult -->
  <testcase name="BRAFPIActivityTitle" time="0.0" classname="biocept.qa.testcases.TestConfig">
    <skipped/>
  </testcase> <!-- BRAFPIActivityTitle -->
  <testcase name="BRAFPIActivityResult" time="0.0" classname="biocept.qa.testcases.TestConfig">
    <skipped/>
  </testcase> <!-- BRAFPIActivityResult -->
  <testcase name="BRAFReportSignoff" time="0.0" classname="biocept.qa.testcases.TestConfig">
    <skipped/>
  </testcase> <!-- BRAFReportSignoff -->
  <testcase name="KRASResultingActivityTitle" time="0.0" classname="biocept.qa.testcases.TestConfig">
    <skipped/>
  </testcase> <!-- KRASResultingActivityTitle -->
  <testcase name="KRASResultingUpdateResult" time="0.0" classname="biocept.qa.testcases.TestConfig">
    <skipped/>
  </testcase> <!-- KRASResultingUpdateResult -->
  <testcase name="UploadSequenceImagesForKRAS" time="0.0" classname="biocept.qa.testcases.TestConfig">
    <skipped/>
  </testcase> <!-- UploadSequenceImagesForKRAS -->
  <testcase name="KRASSequencingActivityTitle" time="0.0" classname="biocept.qa.testcases.TestConfig">
    <skipped/>
  </testcase> <!-- KRASSequencingActivityTitle -->
  <testcase name="KRASSequencingActivityResult" time="0.0" classname="biocept.qa.testcases.TestConfig">
    <skipped/>
  </testcase> <!-- KRASSequencingActivityResult -->
  <testcase name="KRASPIActivityTitle" time="0.0" classname="biocept.qa.testcases.TestConfig">
    <skipped/>
  </testcase> <!-- KRASPIActivityTitle -->
  <testcase name="KRASPIActivityResult" time="0.0" classname="biocept.qa.testcases.TestConfig">
    <skipped/>
  </testcase> <!-- KRASPIActivityResult -->
  <testcase name="KRASReportSignoff" time="0.0" classname="biocept.qa.testcases.TestConfig">
    <skipped/>
  </testcase> <!-- KRASReportSignoff -->
</testsuite> <!-- Default test -->
