<?xml version="1.0" encoding="UTF-8"?>
<!-- Generated by org.testng.reporters.JUnitXMLReporter -->
<testsuite hostname="AnmolS" failures="1" tests="52" name="CTC-FISH Workflow for Global Cases" time="336.385" errors="0" timestamp="11 Oct 2019 07:29:17 GMT">
  <testcase classname="biocept.qa.testcases.CTC_FISHWorklow" name="LIMSLogin" time="11.157"/>
  <testcase classname="biocept.qa.testcases.CTC_FISHWorklow" name="dashboard" time="0.126"/>
  <testcase classname="biocept.qa.testcases.CTC_FISHWorklow" name="PlaceNewOrder" time="64.897"/>
  <testcase classname="biocept.qa.testcases.CTC_FISHWorklow" name="PatientNameOnBarcodePage" time="0.991"/>
  <testcase classname="biocept.qa.testcases.CTC_FISHWorklow" name="UploadAccessionImagesPageTitle" time="10.761"/>
  <testcase classname="biocept.qa.testcases.CTC_FISHWorklow" name="MyWorklistTitle" time="4.912"/>
  <testcase classname="biocept.qa.testcases.CTC_FISHWorklow" name="CTC_FISH_SummaryReport" time="0.001"/>
  <testcase classname="biocept.qa.testcases.CTC_FISHWorklow" name="CTC_FISH_ScoreSheet" time="0.003"/>
  <testcase classname="biocept.qa.testcases.CTC_FISHWorklow" name="CTC_FISH_SampleTraveler" time="0.001"/>
  <testcase classname="biocept.qa.testcases.CTC_FISHWorklow" name="GenerateLongLabel" time="0.002"/>
  <testcase classname="biocept.qa.testcases.CTC_FISHWorklow" name="GenerateSmallLabel" time="0.007"/>
  <testcase classname="biocept.qa.testcases.CTC_FISHWorklow" name="GenerateMolecularLabel" time="0.001"/>
  <testcase classname="biocept.qa.testcases.CTC_FISHWorklow" name="AccesstionType" time="1.045"/>
  <testcase classname="biocept.qa.testcases.CTC_FISHWorklow" name="DownloadPlasmaCSV" time="0.027"/>
  <testcase classname="biocept.qa.testcases.CTC_FISHWorklow" name="CellCepProcessingActivityTitle" time="5.051"/>
  <testcase classname="biocept.qa.testcases.CTC_FISHWorklow" name="CellCepProcessing" time="9.127"/>
  <testcase classname="biocept.qa.testcases.CTC_FISHWorklow" name="CellSepBatchingActivityTitle" time="7.187"/>
  <testcase classname="biocept.qa.testcases.CTC_FISHWorklow" name="CellSepBatching" time="7.751"/>
  <testcase classname="biocept.qa.testcases.CTC_FISHWorklow" name="MEMSProcessingActivityTitle" time="7.512"/>
  <testcase classname="biocept.qa.testcases.CTC_FISHWorklow" name="MEMSProcessing" time="6.625"/>
  <testcase classname="biocept.qa.testcases.CTC_FISHWorklow" name="MemsBatchingActivityTitle" time="7.709"/>
  <testcase classname="biocept.qa.testcases.CTC_FISHWorklow" name="MemsBatching" time="9.807"/>
  <testcase classname="biocept.qa.testcases.CTC_FISHWorklow" name="BioviewScanDataActivityTitle" time="9.717"/>
  <testcase classname="biocept.qa.testcases.CTC_FISHWorklow" name="BioviewScanData" time="10.212"/>
  <testcase classname="biocept.qa.testcases.CTC_FISHWorklow" name="EnumerationImageReviewActivityTitle" time="7.143"/>
  <testcase classname="biocept.qa.testcases.CTC_FISHWorklow" name="EnumerationImageReview" time="31.198"/>
  <testcase classname="biocept.qa.testcases.CTC_FISHWorklow" name="CTCICCResultsSummaryActivityTitle" time="8.007"/>
  <testcase classname="biocept.qa.testcases.CTC_FISHWorklow" name="CTCICCResultsSummary" time="8.212"/>
  <testcase classname="biocept.qa.testcases.CTC_FISHWorklow" name="FISHAutobatchedworklistActivityTitle" time="6.568"/>
  <testcase classname="biocept.qa.testcases.CTC_FISHWorklow" name="FISHAutobatchedworklist" time="9.845"/>
  <testcase classname="biocept.qa.testcases.CTC_FISHWorklow" name="FISHReloAnalysisActivityTitle" time="7.237"/>
  <testcase classname="biocept.qa.testcases.CTC_FISHWorklow" name="FISHReloAnalysis" time="68.106">
    <failure type="org.openqa.selenium.NoSuchElementException" message="no such element: Unable to locate element: {&amp;quot;method&amp;quot;:&amp;quot;css selector&amp;quot;,&amp;quot;selector&amp;quot;:&amp;quot;span[data-notify=&amp;apos;message&amp;apos;]&amp;quot;}
  (Session info: headless chrome=77.0.3865.120)
For documentation on this error, please visit: https://www.seleniumhq.org/exceptions/no_such_element.html
Build info: version: &amp;apos;3.141.59&amp;apos;, revision: &amp;apos;e82be7d358&amp;apos;, time: &amp;apos;2018-11-14T08:17:03&amp;apos;
System info: host: &amp;apos;ANMOLS&amp;apos;, ip: &amp;apos;10.60.1.118&amp;apos;, os.name: &amp;apos;Windows 10&amp;apos;, os.arch: &amp;apos;amd64&amp;apos;, os.version: &amp;apos;10.0&amp;apos;, java.version: &amp;apos;12.0.2&amp;apos;
Driver info: org.openqa.selenium.chrome.ChromeDriver
Capabilities {acceptInsecureCerts: false, browserName: chrome, browserVersion: 77.0.3865.120, chrome: {chromedriverVersion: 77.0.3865.10 (bc3579f611bbc..., userDataDir: C:\Users\ANMOL~1.SIN\AppDat...}, goog:chromeOptions: {debuggerAddress: localhost:51540}, javascriptEnabled: true, networkConnectionEnabled: false, pageLoadStrategy: normal, platform: XP, platformName: XP, proxy: Proxy(), setWindowRect: true, strictFileInteractability: false, timeouts: {implicit: 0, pageLoad: 300000, script: 30000}, unhandledPromptBehavior: dismiss and notify}
Session ID: 8dd6a2864f16bc57796dc149361c509b
*** Element info: {Using=css selector, value=span[data-notify=&amp;apos;message&amp;apos;]}">
      <![CDATA[org.openqa.selenium.NoSuchElementException: no such element: Unable to locate element: {"method":"css selector","selector":"span[data-notify='message']"}
  (Session info: headless chrome=77.0.3865.120)
For documentation on this error, please visit: https://www.seleniumhq.org/exceptions/no_such_element.html
Build info: version: '3.141.59', revision: 'e82be7d358', time: '2018-11-14T08:17:03'
System info: host: 'ANMOLS', ip: '10.60.1.118', os.name: 'Windows 10', os.arch: 'amd64', os.version: '10.0', java.version: '12.0.2'
Driver info: org.openqa.selenium.chrome.ChromeDriver
Capabilities {acceptInsecureCerts: false, browserName: chrome, browserVersion: 77.0.3865.120, chrome: {chromedriverVersion: 77.0.3865.10 (bc3579f611bbc..., userDataDir: C:\Users\ANMOL~1.SIN\AppDat...}, goog:chromeOptions: {debuggerAddress: localhost:51540}, javascriptEnabled: true, networkConnectionEnabled: false, pageLoadStrategy: normal, platform: XP, platformName: XP, proxy: Proxy(), setWindowRect: true, strictFileInteractability: false, timeouts: {implicit: 0, pageLoad: 300000, script: 30000}, unhandledPromptBehavior: dismiss and notify}
Session ID: 8dd6a2864f16bc57796dc149361c509b
*** Element info: {Using=css selector, value=span[data-notify='message']}
	at org.openqa.selenium.remote.http.W3CHttpResponseCodec.createException(W3CHttpResponseCodec.java:187)
	at org.openqa.selenium.remote.http.W3CHttpResponseCodec.decode(W3CHttpResponseCodec.java:122)
	at org.openqa.selenium.remote.http.W3CHttpResponseCodec.decode(W3CHttpResponseCodec.java:49)
	at org.openqa.selenium.remote.HttpCommandExecutor.execute(HttpCommandExecutor.java:158)
	at org.openqa.selenium.remote.service.DriverCommandExecutor.execute(DriverCommandExecutor.java:83)
	at org.openqa.selenium.remote.RemoteWebDriver.execute(RemoteWebDriver.java:552)
	at org.openqa.selenium.remote.RemoteWebDriver.findElement(RemoteWebDriver.java:323)
	at org.openqa.selenium.remote.RemoteWebDriver.findElementByCssSelector(RemoteWebDriver.java:420)
	at org.openqa.selenium.By$ByCssSelector.findElement(By.java:431)
	at org.openqa.selenium.remote.RemoteWebDriver.findElement(RemoteWebDriver.java:315)
	at org.openqa.selenium.support.pagefactory.DefaultElementLocator.findElement(DefaultElementLocator.java:69)
	at org.openqa.selenium.support.pagefactory.internal.LocatingElementHandler.invoke(LocatingElementHandler.java:38)
	at com.sun.proxy.$Proxy14.getText(Unknown Source)
	at biocept.qa.utill.WorkflowCommonMethods.completeMessage(WorkflowCommonMethods.java:89)
	at biocept.qa.testcases.CTC_FISHWorklow.FISHReloAnalysis(CTC_FISHWorklow.java:415)
... Removed 29 stack frames]]>
    </failure>
  </testcase> <!-- FISHReloAnalysis -->
  <testcase classname="biocept.qa.testcases.CTC_FISHWorklow" name="FISHResultsSummaryActivityTitle" time="0.0">
    <skipped/>
  </testcase> <!-- FISHResultsSummaryActivityTitle -->
  <testcase classname="biocept.qa.testcases.CTC_FISHWorklow" name="FISHResultsSummary" time="0.0">
    <skipped/>
  </testcase> <!-- FISHResultsSummary -->
  <testcase classname="biocept.qa.testcases.CTC_FISHWorklow" name="PIActivityTitle" time="0.0">
    <skipped/>
  </testcase> <!-- PIActivityTitle -->
  <testcase classname="biocept.qa.testcases.CTC_FISHWorklow" name="QC_CompleteButtonOnProfessionalInterpretation" time="0.0">
    <skipped/>
  </testcase> <!-- QC_CompleteButtonOnProfessionalInterpretation -->
  <testcase classname="biocept.qa.testcases.CTC_FISHWorklow" name="ConfirmationOnTechOnlyPI" time="0.0">
    <skipped/>
  </testcase> <!-- ConfirmationOnTechOnlyPI -->
  <testcase classname="biocept.qa.testcases.CTC_FISHWorklow" name="QCComplete" time="0.0">
    <skipped/>
  </testcase> <!-- QCComplete -->
  <testcase classname="biocept.qa.testcases.CTC_FISHWorklow" name="PhysicianPortalLogin" time="0.0">
    <skipped/>
  </testcase> <!-- PhysicianPortalLogin -->
  <testcase classname="biocept.qa.testcases.CTC_FISHWorklow" name="OrderHistoryWorklist" time="0.0">
    <skipped/>
  </testcase> <!-- OrderHistoryWorklist -->
  <testcase classname="biocept.qa.testcases.CTC_FISHWorklow" name="GoBacktoPhysicianPortalButton" time="0.0">
    <skipped/>
  </testcase> <!-- GoBacktoPhysicianPortalButton -->
  <testcase classname="biocept.qa.testcases.CTC_FISHWorklow" name="SignoffReportFromPhysicianPortal" time="0.0">
    <skipped/>
  </testcase> <!-- SignoffReportFromPhysicianPortal -->
  <testcase classname="biocept.qa.testcases.CTC_FISHWorklow" name="CompletedWorklist" time="0.0">
    <skipped/>
  </testcase> <!-- CompletedWorklist -->
  <testcase classname="biocept.qa.testcases.CTC_FISHWorklow" name="AssignProfessionalWorkToBiocept" time="0.0">
    <skipped/>
  </testcase> <!-- AssignProfessionalWorkToBiocept -->
  <testcase classname="biocept.qa.testcases.CTC_FISHWorklow" name="ReopenConfirmationPopupOnCompletedWorklist" time="0.0">
    <skipped/>
  </testcase> <!-- ReopenConfirmationPopupOnCompletedWorklist -->
  <testcase classname="biocept.qa.testcases.CTC_FISHWorklow" name="ActivityTitleAfterReOpen" time="0.0">
    <skipped/>
  </testcase> <!-- ActivityTitleAfterReOpen -->
  <testcase classname="biocept.qa.testcases.CTC_FISHWorklow" name="TechOnlyProfessionalInterpretation" time="0.0">
    <skipped/>
  </testcase> <!-- TechOnlyProfessionalInterpretation -->
  <testcase classname="biocept.qa.testcases.CTC_FISHWorklow" name="QAReportingWorklistTitle" time="0.0">
    <skipped/>
  </testcase> <!-- QAReportingWorklistTitle -->
  <testcase classname="biocept.qa.testcases.CTC_FISHWorklow" name="QAReportingWorklist" time="0.0">
    <skipped/>
  </testcase> <!-- QAReportingWorklist -->
  <testcase classname="biocept.qa.testcases.CTC_FISHWorklow" name="FishReviewApproveTitle" time="0.0">
    <skipped/>
  </testcase> <!-- FishReviewApproveTitle -->
  <testcase classname="biocept.qa.testcases.CTC_FISHWorklow" name="ReportVersionSelectionPopUp" time="0.0">
    <skipped/>
  </testcase> <!-- ReportVersionSelectionPopUp -->
  <testcase classname="biocept.qa.testcases.CTC_FISHWorklow" name="SignoffTheReportForNewVersion" time="0.0">
    <skipped/>
  </testcase> <!-- SignoffTheReportForNewVersion -->
</testsuite> <!-- CTC-FISH Workflow for Global Cases -->
