<html>
<head>
<title>TestNG:  CTC-FISH Workflow for Global Cases</title>
<link href="../testng.css" rel="stylesheet" type="text/css" />
<link href="../my-testng.css" rel="stylesheet" type="text/css" />

<style type="text/css">
.log { display: none;} 
.stack-trace { display: none;} 
</style>
<script type="text/javascript">
<!--
function flip(e) {
  current = e.style.display;
  if (current == 'block') {
    e.style.display = 'none';
    return 0;
  }
  else {
    e.style.display = 'block';
    return 1;
  }
}

function toggleBox(szDivId, elem, msg1, msg2)
{
  var res = -1;  if (document.getElementById) {
    res = flip(document.getElementById(szDivId));
  }
  else if (document.all) {
    // this is the way old msie versions work
    res = flip(document.all[szDivId]);
  }
  if(elem) {
    if(res == 0) elem.innerHTML = msg1; else elem.innerHTML = msg2;
  }

}

function toggleAllBoxes() {
  if (document.getElementsByTagName) {
    d = document.getElementsByTagName('div');
    for (i = 0; i < d.length; i++) {
      if (d[i].className == 'log') {
        flip(d[i]);
      }
    }
  }
}

// -->
</script>

</head>
<body>
<h2 align='center'>CTC-FISH Workflow for Global Cases</h2><table border='1' align="center">
<tr>
<td>Tests passed/Failed/Skipped:</td><td>31/1/20</td>
</tr><tr>
<td>Started on:</td><td>Fri Oct 11 12:53:40 IST 2019</td>
</tr>
<tr><td>Total time:</td><td>336 seconds (336385 ms)</td>
</tr><tr>
<td>Included groups:</td><td></td>
</tr><tr>
<td>Excluded groups:</td><td></td>
</tr>
</table><p/>
<small><i>(Hover the method name to see the test class name)</i></small><p/>
<table width='100%' border='1' class='invocation-failed'>
<tr><td colspan='4' align='center'><b>FAILED TESTS</b></td></tr>
<tr><td><b>Test method</b></td>
<td width="30%"><b>Exception</b></td>
<td width="10%"><b>Time (seconds)</b></td>
<td><b>Instance</b></td>
</tr>
<tr>
<td title='biocept.qa.testcases.CTC_FISHWorklow.FISHReloAnalysis()'><b>FISHReloAnalysis</b><br>Test class: biocept.qa.testcases.CTC_FISHWorklow<br>Test method: Verify user is able to complete the FISH Relo Analysis Activity</td>
<td><div><pre>org.openqa.selenium.NoSuchElementException: no such element: Unable to locate element: {&quot;method&quot;:&quot;css selector&quot;,&quot;selector&quot;:&quot;span[data-notify=&apos;message&apos;]&quot;}
  (Session info: headless chrome=77.0.3865.120)
For documentation on this error, please visit: https://www.seleniumhq.org/exceptions/no_such_element.html
Build info: version: &apos;3.141.59&apos;, revision: &apos;e82be7d358&apos;, time: &apos;2018-11-14T08:17:03&apos;
System info: host: &apos;ANMOLS&apos;, ip: &apos;10.60.1.118&apos;, os.name: &apos;Windows 10&apos;, os.arch: &apos;amd64&apos;, os.version: &apos;10.0&apos;, java.version: &apos;12.0.2&apos;
Driver info: org.openqa.selenium.chrome.ChromeDriver
Capabilities {acceptInsecureCerts: false, browserName: chrome, browserVersion: 77.0.3865.120, chrome: {chromedriverVersion: 77.0.3865.10 (bc3579f611bbc..., userDataDir: C:\Users\ANMOL~1.SIN\AppDat...}, goog:chromeOptions: {debuggerAddress: localhost:51540}, javascriptEnabled: true, networkConnectionEnabled: false, pageLoadStrategy: normal, platform: XP, platformName: XP, proxy: Proxy(), setWindowRect: true, strictFileInteractability: false, timeouts: {implicit: 0, pageLoad: 300000, script: 30000}, unhandledPromptBehavior: dismiss and notify}
Session ID: 8dd6a2864f16bc57796dc149361c509b
*** Element info: {Using=css selector, value=span[data-notify=&apos;message&apos;]}
	at org.openqa.selenium.remote.http.W3CHttpResponseCodec.createException(W3CHttpResponseCodec.java:187)
	at org.openqa.selenium.remote.http.W3CHttpResponseCodec.decode(W3CHttpResponseCodec.java:122)
	at org.openqa.selenium.remote.http.W3CHttpResponseCodec.decode(W3CHttpResponseCodec.java:49)
	at org.openqa.selenium.remote.HttpCommandExecutor.execute(HttpCommandExecutor.java:158)
	at org.openqa.selenium.remote.service.DriverCommandExecutor.execute(DriverCommandExecutor.java:83)
	at org.openqa.selenium.remote.RemoteWebDriver.execute(RemoteWebDriver.java:552)
	at org.openqa.selenium.remote.RemoteWebDriver.findElement(RemoteWebDriver.java:323)
	at org.openqa.selenium.remote.RemoteWebDriver.findElementByCssSelector(RemoteWebDriver.java:420)
	at org.openqa.selenium.By$ByCssSelector.findElement(By.java:431)
	at org.openqa.selenium.remote.RemoteWebDriver.findElement(RemoteWebDriver.java:315)
	at org.openqa.selenium.support.pagefactory.DefaultElementLocator.findElement(DefaultElementLocator.java:69)
	at org.openqa.selenium.support.pagefactory.internal.LocatingElementHandler.invoke(LocatingElementHandler.java:38)
	at com.sun.proxy.$Proxy14.getText(Unknown Source)
	at biocept.qa.utill.WorkflowCommonMethods.completeMessage(WorkflowCommonMethods.java:89)
	at biocept.qa.testcases.CTC_FISHWorklow.FISHReloAnalysis(CTC_FISHWorklow.java:415)
... Removed 29 stack frames</pre></div><a href='#' onClick='toggleBox("stack-trace771192427", this, "Click to show all stack frames", "Click to hide stack frames")'>Click to show all stack frames</a>
<div class='stack-trace' id='stack-trace771192427'><pre>org.openqa.selenium.NoSuchElementException: no such element: Unable to locate element: {&quot;method&quot;:&quot;css selector&quot;,&quot;selector&quot;:&quot;span[data-notify=&apos;message&apos;]&quot;}
  (Session info: headless chrome=77.0.3865.120)
For documentation on this error, please visit: https://www.seleniumhq.org/exceptions/no_such_element.html
Build info: version: &apos;3.141.59&apos;, revision: &apos;e82be7d358&apos;, time: &apos;2018-11-14T08:17:03&apos;
System info: host: &apos;ANMOLS&apos;, ip: &apos;10.60.1.118&apos;, os.name: &apos;Windows 10&apos;, os.arch: &apos;amd64&apos;, os.version: &apos;10.0&apos;, java.version: &apos;12.0.2&apos;
Driver info: org.openqa.selenium.chrome.ChromeDriver
Capabilities {acceptInsecureCerts: false, browserName: chrome, browserVersion: 77.0.3865.120, chrome: {chromedriverVersion: 77.0.3865.10 (bc3579f611bbc..., userDataDir: C:\Users\ANMOL~1.SIN\AppDat...}, goog:chromeOptions: {debuggerAddress: localhost:51540}, javascriptEnabled: true, networkConnectionEnabled: false, pageLoadStrategy: normal, platform: XP, platformName: XP, proxy: Proxy(), setWindowRect: true, strictFileInteractability: false, timeouts: {implicit: 0, pageLoad: 300000, script: 30000}, unhandledPromptBehavior: dismiss and notify}
Session ID: 8dd6a2864f16bc57796dc149361c509b
*** Element info: {Using=css selector, value=span[data-notify=&apos;message&apos;]}
	at java.base/jdk.internal.reflect.NativeConstructorAccessorImpl.newInstance0(Native Method)
	at java.base/jdk.internal.reflect.NativeConstructorAccessorImpl.newInstance(NativeConstructorAccessorImpl.java:62)
	at java.base/jdk.internal.reflect.DelegatingConstructorAccessorImpl.newInstance(DelegatingConstructorAccessorImpl.java:45)
	at java.base/java.lang.reflect.Constructor.newInstanceWithCaller(Constructor.java:500)
	at java.base/java.lang.reflect.Constructor.newInstance(Constructor.java:481)
	at org.openqa.selenium.remote.http.W3CHttpResponseCodec.createException(W3CHttpResponseCodec.java:187)
	at org.openqa.selenium.remote.http.W3CHttpResponseCodec.decode(W3CHttpResponseCodec.java:122)
	at org.openqa.selenium.remote.http.W3CHttpResponseCodec.decode(W3CHttpResponseCodec.java:49)
	at org.openqa.selenium.remote.HttpCommandExecutor.execute(HttpCommandExecutor.java:158)
	at org.openqa.selenium.remote.service.DriverCommandExecutor.execute(DriverCommandExecutor.java:83)
	at org.openqa.selenium.remote.RemoteWebDriver.execute(RemoteWebDriver.java:552)
	at org.openqa.selenium.remote.RemoteWebDriver.findElement(RemoteWebDriver.java:323)
	at org.openqa.selenium.remote.RemoteWebDriver.findElementByCssSelector(RemoteWebDriver.java:420)
	at org.openqa.selenium.By$ByCssSelector.findElement(By.java:431)
	at org.openqa.selenium.remote.RemoteWebDriver.findElement(RemoteWebDriver.java:315)
	at org.openqa.selenium.support.pagefactory.DefaultElementLocator.findElement(DefaultElementLocator.java:69)
	at org.openqa.selenium.support.pagefactory.internal.LocatingElementHandler.invoke(LocatingElementHandler.java:38)
	at com.sun.proxy.$Proxy14.getText(Unknown Source)
	at biocept.qa.utill.WorkflowCommonMethods.completeMessage(WorkflowCommonMethods.java:89)
	at biocept.qa.testcases.CTC_FISHWorklow.FISHReloAnalysis(CTC_FISHWorklow.java:415)
	at java.base/jdk.internal.reflect.NativeMethodAccessorImpl.invoke0(Native Method)
	at java.base/jdk.internal.reflect.NativeMethodAccessorImpl.invoke(NativeMethodAccessorImpl.java:62)
	at java.base/jdk.internal.reflect.DelegatingMethodAccessorImpl.invoke(DelegatingMethodAccessorImpl.java:43)
	at java.base/java.lang.reflect.Method.invoke(Method.java:567)
	at org.testng.internal.MethodInvocationHelper.invokeMethod(MethodInvocationHelper.java:85)
	at org.testng.internal.Invoker.invokeMethod(Invoker.java:639)
	at org.testng.internal.Invoker.invokeTestMethod(Invoker.java:816)
	at org.testng.internal.Invoker.invokeTestMethods(Invoker.java:1124)
	at org.testng.internal.TestMethodWorker.invokeTestMethods(TestMethodWorker.java:125)
	at org.testng.internal.TestMethodWorker.run(TestMethodWorker.java:108)
	at org.testng.TestRunner.privateRun(TestRunner.java:774)
	at org.testng.TestRunner.run(TestRunner.java:624)
	at org.testng.SuiteRunner.runTest(SuiteRunner.java:359)
	at org.testng.SuiteRunner.runSequentially(SuiteRunner.java:354)
	at org.testng.SuiteRunner.privateRun(SuiteRunner.java:312)
	at org.testng.SuiteRunner.run(SuiteRunner.java:261)
	at org.testng.SuiteRunnerWorker.runSuite(SuiteRunnerWorker.java:52)
	at org.testng.SuiteRunnerWorker.run(SuiteRunnerWorker.java:86)
	at org.testng.TestNG.runSuitesSequentially(TestNG.java:1191)
	at org.testng.TestNG.runSuitesLocally(TestNG.java:1116)
	at org.testng.TestNG.run(TestNG.java:1024)
	at org.testng.remote.AbstractRemoteTestNG.run(AbstractRemoteTestNG.java:115)
	at org.testng.remote.RemoteTestNG.initAndRun(RemoteTestNG.java:251)
	at org.testng.remote.RemoteTestNG.main(RemoteTestNG.java:77)
</pre></div></td>
<td>68</td>
<td>biocept.qa.testcases.CTC_FISHWorklow@703580bf</td></tr>
</table><p>
<table width='100%' border='1' class='invocation-passed'>
<tr><td colspan='4' align='center'><b>PASSED TESTS</b></td></tr>
<tr><td><b>Test method</b></td>
<td width="30%"><b>Exception</b></td>
<td width="10%"><b>Time (seconds)</b></td>
<td><b>Instance</b></td>
</tr>
<tr>
<td title='biocept.qa.testcases.CTC_FISHWorklow.AccesstionType()'><b>AccesstionType</b><br>Test class: biocept.qa.testcases.CTC_FISHWorklow<br>Test method: Verify the accession type when user create an accession with Assign Professional Work checkbox selection</td>
<td></td>
<td>1</td>
<td>biocept.qa.testcases.CTC_FISHWorklow@703580bf</td></tr>
<tr>
<td title='biocept.qa.testcases.CTC_FISHWorklow.BioviewScanData()'><b>BioviewScanData</b><br>Test class: biocept.qa.testcases.CTC_FISHWorklow<br>Test method: Verify user is able to complete the Bioview Scan Data Activity</td>
<td></td>
<td>10</td>
<td>biocept.qa.testcases.CTC_FISHWorklow@703580bf</td></tr>
<tr>
<td title='biocept.qa.testcases.CTC_FISHWorklow.BioviewScanDataActivityTitle()'><b>BioviewScanDataActivityTitle</b><br>Test class: biocept.qa.testcases.CTC_FISHWorklow<br>Test method: Verify user is able to open the Bioview Scan Data Activity</td>
<td></td>
<td>9</td>
<td>biocept.qa.testcases.CTC_FISHWorklow@703580bf</td></tr>
<tr>
<td title='biocept.qa.testcases.CTC_FISHWorklow.CTCICCResultsSummary()'><b>CTCICCResultsSummary</b><br>Test class: biocept.qa.testcases.CTC_FISHWorklow<br>Test method: Verify user is able to complete the CTC ICC Results Summary Activity</td>
<td></td>
<td>8</td>
<td>biocept.qa.testcases.CTC_FISHWorklow@703580bf</td></tr>
<tr>
<td title='biocept.qa.testcases.CTC_FISHWorklow.CTCICCResultsSummaryActivityTitle()'><b>CTCICCResultsSummaryActivityTitle</b><br>Test class: biocept.qa.testcases.CTC_FISHWorklow<br>Test method: Verify user is able to open the CTC ICC Results Summary Activity</td>
<td></td>
<td>8</td>
<td>biocept.qa.testcases.CTC_FISHWorklow@703580bf</td></tr>
<tr>
<td title='biocept.qa.testcases.CTC_FISHWorklow.CTC_FISH_SampleTraveler()'><b>CTC_FISH_SampleTraveler</b><br>Test class: biocept.qa.testcases.CTC_FISHWorklow<br>Test method: Verify user is able to download CTC-FISH Sample Traveler</td>
<td></td>
<td>0</td>
<td>biocept.qa.testcases.CTC_FISHWorklow@703580bf</td></tr>
<tr>
<td title='biocept.qa.testcases.CTC_FISHWorklow.CTC_FISH_ScoreSheet()'><b>CTC_FISH_ScoreSheet</b><br>Test class: biocept.qa.testcases.CTC_FISHWorklow<br>Test method: Verify user is able to download CTC-FISH Score Sheet</td>
<td></td>
<td>0</td>
<td>biocept.qa.testcases.CTC_FISHWorklow@703580bf</td></tr>
<tr>
<td title='biocept.qa.testcases.CTC_FISHWorklow.CTC_FISH_SummaryReport()'><b>CTC_FISH_SummaryReport</b><br>Test class: biocept.qa.testcases.CTC_FISHWorklow<br>Test method: Verify user is able to download CTC-FISH Summary Report</td>
<td></td>
<td>0</td>
<td>biocept.qa.testcases.CTC_FISHWorklow@703580bf</td></tr>
<tr>
<td title='biocept.qa.testcases.CTC_FISHWorklow.CellCepProcessing()'><b>CellCepProcessing</b><br>Test class: biocept.qa.testcases.CTC_FISHWorklow<br>Test method: Verify user is able to complete the Cell Cep Processing Activity</td>
<td></td>
<td>9</td>
<td>biocept.qa.testcases.CTC_FISHWorklow@703580bf</td></tr>
<tr>
<td title='biocept.qa.testcases.CTC_FISHWorklow.CellCepProcessingActivityTitle()'><b>CellCepProcessingActivityTitle</b><br>Test class: biocept.qa.testcases.CTC_FISHWorklow<br>Test method: Verify user is able to open the Cell Cep Processing Activity</td>
<td></td>
<td>5</td>
<td>biocept.qa.testcases.CTC_FISHWorklow@703580bf</td></tr>
<tr>
<td title='biocept.qa.testcases.CTC_FISHWorklow.CellSepBatching()'><b>CellSepBatching</b><br>Test class: biocept.qa.testcases.CTC_FISHWorklow<br>Test method: Verify user is able to complete the Cell Cep Batching Activity</td>
<td></td>
<td>7</td>
<td>biocept.qa.testcases.CTC_FISHWorklow@703580bf</td></tr>
<tr>
<td title='biocept.qa.testcases.CTC_FISHWorklow.CellSepBatchingActivityTitle()'><b>CellSepBatchingActivityTitle</b><br>Test class: biocept.qa.testcases.CTC_FISHWorklow<br>Test method: Verify user is able to open the Cell Cep Batching Activity</td>
<td></td>
<td>7</td>
<td>biocept.qa.testcases.CTC_FISHWorklow@703580bf</td></tr>
<tr>
<td title='biocept.qa.testcases.CTC_FISHWorklow.DownloadPlasmaCSV()'><b>DownloadPlasmaCSV</b><br>Test class: biocept.qa.testcases.CTC_FISHWorklow<br>Test method: Verify the download functionality for PlasmaCSV</td>
<td></td>
<td>0</td>
<td>biocept.qa.testcases.CTC_FISHWorklow@703580bf</td></tr>
<tr>
<td title='biocept.qa.testcases.CTC_FISHWorklow.EnumerationImageReview()'><b>EnumerationImageReview</b><br>Test class: biocept.qa.testcases.CTC_FISHWorklow<br>Test method: Verify user is able to complete the Enumeration Image Review Activity</td>
<td></td>
<td>31</td>
<td>biocept.qa.testcases.CTC_FISHWorklow@703580bf</td></tr>
<tr>
<td title='biocept.qa.testcases.CTC_FISHWorklow.EnumerationImageReviewActivityTitle()'><b>EnumerationImageReviewActivityTitle</b><br>Test class: biocept.qa.testcases.CTC_FISHWorklow<br>Test method: Verify user is able to open the Enumeration Image Review Activity</td>
<td></td>
<td>7</td>
<td>biocept.qa.testcases.CTC_FISHWorklow@703580bf</td></tr>
<tr>
<td title='biocept.qa.testcases.CTC_FISHWorklow.FISHAutobatchedworklist()'><b>FISHAutobatchedworklist</b><br>Test class: biocept.qa.testcases.CTC_FISHWorklow<br>Test method: Verify user is able to complete the FISH Auto batched worklist Activity</td>
<td></td>
<td>9</td>
<td>biocept.qa.testcases.CTC_FISHWorklow@703580bf</td></tr>
<tr>
<td title='biocept.qa.testcases.CTC_FISHWorklow.FISHAutobatchedworklistActivityTitle()'><b>FISHAutobatchedworklistActivityTitle</b><br>Test class: biocept.qa.testcases.CTC_FISHWorklow<br>Test method: Verify user is able to open the FISH Auto batched worklist Activity</td>
<td></td>
<td>6</td>
<td>biocept.qa.testcases.CTC_FISHWorklow@703580bf</td></tr>
<tr>
<td title='biocept.qa.testcases.CTC_FISHWorklow.FISHReloAnalysisActivityTitle()'><b>FISHReloAnalysisActivityTitle</b><br>Test class: biocept.qa.testcases.CTC_FISHWorklow<br>Test method: Verify user is able to open the FISH Relo Analysis Activity</td>
<td></td>
<td>7</td>
<td>biocept.qa.testcases.CTC_FISHWorklow@703580bf</td></tr>
<tr>
<td title='biocept.qa.testcases.CTC_FISHWorklow.GenerateLongLabel()'><b>GenerateLongLabel</b><br>Test class: biocept.qa.testcases.CTC_FISHWorklow<br>Test method: Verify user is able to download Generate Long Label(s)</td>
<td></td>
<td>0</td>
<td>biocept.qa.testcases.CTC_FISHWorklow@703580bf</td></tr>
<tr>
<td title='biocept.qa.testcases.CTC_FISHWorklow.GenerateMolecularLabel()'><b>GenerateMolecularLabel</b><br>Test class: biocept.qa.testcases.CTC_FISHWorklow<br>Test method: Verify user is able to download Generate Molecular Label</td>
<td></td>
<td>0</td>
<td>biocept.qa.testcases.CTC_FISHWorklow@703580bf</td></tr>
<tr>
<td title='biocept.qa.testcases.CTC_FISHWorklow.GenerateSmallLabel()'><b>GenerateSmallLabel</b><br>Test class: biocept.qa.testcases.CTC_FISHWorklow<br>Test method: Verify user is able to download Generate Small Label</td>
<td></td>
<td>0</td>
<td>biocept.qa.testcases.CTC_FISHWorklow@703580bf</td></tr>
<tr>
<td title='biocept.qa.testcases.CTC_FISHWorklow.LIMSLogin()'><b>LIMSLogin</b><br>Test class: biocept.qa.testcases.CTC_FISHWorklow<br>Test method: Verify user is able to login in LIMS portal</td>
<td></td>
<td>11</td>
<td>biocept.qa.testcases.CTC_FISHWorklow@703580bf</td></tr>
<tr>
<td title='biocept.qa.testcases.CTC_FISHWorklow.MEMSProcessing()'><b>MEMSProcessing</b><br>Test class: biocept.qa.testcases.CTC_FISHWorklow<br>Test method: Verify user is able to complete the Mems Processing Activity</td>
<td></td>
<td>6</td>
<td>biocept.qa.testcases.CTC_FISHWorklow@703580bf</td></tr>
<tr>
<td title='biocept.qa.testcases.CTC_FISHWorklow.MEMSProcessingActivityTitle()'><b>MEMSProcessingActivityTitle</b><br>Test class: biocept.qa.testcases.CTC_FISHWorklow<br>Test method: Verify user is able to open the Mems Processing Activity</td>
<td></td>
<td>7</td>
<td>biocept.qa.testcases.CTC_FISHWorklow@703580bf</td></tr>
<tr>
<td title='biocept.qa.testcases.CTC_FISHWorklow.MemsBatching()'><b>MemsBatching</b><br>Test class: biocept.qa.testcases.CTC_FISHWorklow<br>Test method: Verify user is able to complete the Mems Batching Activity</td>
<td></td>
<td>9</td>
<td>biocept.qa.testcases.CTC_FISHWorklow@703580bf</td></tr>
<tr>
<td title='biocept.qa.testcases.CTC_FISHWorklow.MemsBatchingActivityTitle()'><b>MemsBatchingActivityTitle</b><br>Test class: biocept.qa.testcases.CTC_FISHWorklow<br>Test method: Verify user is able to open the Mems Batching Activity</td>
<td></td>
<td>7</td>
<td>biocept.qa.testcases.CTC_FISHWorklow@703580bf</td></tr>
<tr>
<td title='biocept.qa.testcases.CTC_FISHWorklow.MyWorklistTitle()'><b>MyWorklistTitle</b><br>Test class: biocept.qa.testcases.CTC_FISHWorklow<br>Test method: Verify user is able to open the My Worklist</td>
<td></td>
<td>4</td>
<td>biocept.qa.testcases.CTC_FISHWorklow@703580bf</td></tr>
<tr>
<td title='biocept.qa.testcases.CTC_FISHWorklow.PatientNameOnBarcodePage()'><b>PatientNameOnBarcodePage</b><br>Test class: biocept.qa.testcases.CTC_FISHWorklow<br>Test method: Verify patient name on barcode page</td>
<td></td>
<td>0</td>
<td>biocept.qa.testcases.CTC_FISHWorklow@703580bf</td></tr>
<tr>
<td title='biocept.qa.testcases.CTC_FISHWorklow.PlaceNewOrder()'><b>PlaceNewOrder</b><br>Test class: biocept.qa.testcases.CTC_FISHWorklow<br>Test method: Verify user is able to create a new accession for CTC-FISH</td>
<td></td>
<td>64</td>
<td>biocept.qa.testcases.CTC_FISHWorklow@703580bf</td></tr>
<tr>
<td title='biocept.qa.testcases.CTC_FISHWorklow.UploadAccessionImagesPageTitle()'><b>UploadAccessionImagesPageTitle</b><br>Test class: biocept.qa.testcases.CTC_FISHWorklow<br>Test method: Verify user is able to upload the CTC/FISH images</td>
<td></td>
<td>10</td>
<td>biocept.qa.testcases.CTC_FISHWorklow@703580bf</td></tr>
<tr>
<td title='biocept.qa.testcases.CTC_FISHWorklow.dashboard()'><b>dashboard</b><br>Test class: biocept.qa.testcases.CTC_FISHWorklow<br>Test method: Verify the total link count on dashboard </td>
<td></td>
<td>0</td>
<td>biocept.qa.testcases.CTC_FISHWorklow@703580bf</td></tr>
</table><p>
<table width='100%' border='1' class='invocation-skipped'>
<tr><td colspan='4' align='center'><b>SKIPPED TESTS</b></td></tr>
<tr><td><b>Test method</b></td>
<td width="30%"><b>Exception</b></td>
<td width="10%"><b>Time (seconds)</b></td>
<td><b>Instance</b></td>
</tr>
<tr>
<td title='biocept.qa.testcases.CTC_FISHWorklow.ActivityTitleAfterReOpen()'><b>ActivityTitleAfterReOpen</b><br>Test class: biocept.qa.testcases.CTC_FISHWorklow<br>Test method: Verify the activity after reopen the case from completed worklist</td>
<td><div><pre>java.lang.Throwable: Method CTC_FISHWorklow.ActivityTitleAfterReOpen()[pri:39, instance:biocept.qa.testcases.CTC_FISHWorklow@703580bf] depends on not successfully finished methods
... Removed 17 stack frames</pre></div><a href='#' onClick='toggleBox("stack-trace1675934713", this, "Click to show all stack frames", "Click to hide stack frames")'>Click to show all stack frames</a>
<div class='stack-trace' id='stack-trace1675934713'><pre>java.lang.Throwable: Method CTC_FISHWorklow.ActivityTitleAfterReOpen()[pri:39, instance:biocept.qa.testcases.CTC_FISHWorklow@703580bf] depends on not successfully finished methods
	at org.testng.internal.Invoker.invokeTestMethods(Invoker.java:1033)
	at org.testng.internal.TestMethodWorker.invokeTestMethods(TestMethodWorker.java:125)
	at org.testng.internal.TestMethodWorker.run(TestMethodWorker.java:108)
	at org.testng.TestRunner.privateRun(TestRunner.java:774)
	at org.testng.TestRunner.run(TestRunner.java:624)
	at org.testng.SuiteRunner.runTest(SuiteRunner.java:359)
	at org.testng.SuiteRunner.runSequentially(SuiteRunner.java:354)
	at org.testng.SuiteRunner.privateRun(SuiteRunner.java:312)
	at org.testng.SuiteRunner.run(SuiteRunner.java:261)
	at org.testng.SuiteRunnerWorker.runSuite(SuiteRunnerWorker.java:52)
	at org.testng.SuiteRunnerWorker.run(SuiteRunnerWorker.java:86)
	at org.testng.TestNG.runSuitesSequentially(TestNG.java:1191)
	at org.testng.TestNG.runSuitesLocally(TestNG.java:1116)
	at org.testng.TestNG.run(TestNG.java:1024)
	at org.testng.remote.AbstractRemoteTestNG.run(AbstractRemoteTestNG.java:115)
	at org.testng.remote.RemoteTestNG.initAndRun(RemoteTestNG.java:251)
	at org.testng.remote.RemoteTestNG.main(RemoteTestNG.java:77)
</pre></div></td>
<td>0</td>
<td>null</td></tr>
<tr>
<td title='biocept.qa.testcases.CTC_FISHWorklow.AssignProfessionalWorkToBiocept()'><b>AssignProfessionalWorkToBiocept</b><br>Test class: biocept.qa.testcases.CTC_FISHWorklow<br>Test method: Verify user is able to assign Professional Work To Biocept from edit accession</td>
<td><div><pre>java.lang.Throwable: Method CTC_FISHWorklow.AssignProfessionalWorkToBiocept()[pri:37, instance:biocept.qa.testcases.CTC_FISHWorklow@703580bf] depends on not successfully finished methods
... Removed 17 stack frames</pre></div><a href='#' onClick='toggleBox("stack-trace249514355", this, "Click to show all stack frames", "Click to hide stack frames")'>Click to show all stack frames</a>
<div class='stack-trace' id='stack-trace249514355'><pre>java.lang.Throwable: Method CTC_FISHWorklow.AssignProfessionalWorkToBiocept()[pri:37, instance:biocept.qa.testcases.CTC_FISHWorklow@703580bf] depends on not successfully finished methods
	at org.testng.internal.Invoker.invokeTestMethods(Invoker.java:1033)
	at org.testng.internal.TestMethodWorker.invokeTestMethods(TestMethodWorker.java:125)
	at org.testng.internal.TestMethodWorker.run(TestMethodWorker.java:108)
	at org.testng.TestRunner.privateRun(TestRunner.java:774)
	at org.testng.TestRunner.run(TestRunner.java:624)
	at org.testng.SuiteRunner.runTest(SuiteRunner.java:359)
	at org.testng.SuiteRunner.runSequentially(SuiteRunner.java:354)
	at org.testng.SuiteRunner.privateRun(SuiteRunner.java:312)
	at org.testng.SuiteRunner.run(SuiteRunner.java:261)
	at org.testng.SuiteRunnerWorker.runSuite(SuiteRunnerWorker.java:52)
	at org.testng.SuiteRunnerWorker.run(SuiteRunnerWorker.java:86)
	at org.testng.TestNG.runSuitesSequentially(TestNG.java:1191)
	at org.testng.TestNG.runSuitesLocally(TestNG.java:1116)
	at org.testng.TestNG.run(TestNG.java:1024)
	at org.testng.remote.AbstractRemoteTestNG.run(AbstractRemoteTestNG.java:115)
	at org.testng.remote.RemoteTestNG.initAndRun(RemoteTestNG.java:251)
	at org.testng.remote.RemoteTestNG.main(RemoteTestNG.java:77)
</pre></div></td>
<td>0</td>
<td>null</td></tr>
<tr>
<td title='biocept.qa.testcases.CTC_FISHWorklow.CompletedWorklist()'><b>CompletedWorklist</b><br>Test class: biocept.qa.testcases.CTC_FISHWorklow<br>Test method: Verify user is able to open the Completed Worklist</td>
<td><div><pre>java.lang.Throwable: Method CTC_FISHWorklow.CompletedWorklist()[pri:36, instance:biocept.qa.testcases.CTC_FISHWorklow@703580bf] depends on not successfully finished methods
... Removed 17 stack frames</pre></div><a href='#' onClick='toggleBox("stack-trace104678309", this, "Click to show all stack frames", "Click to hide stack frames")'>Click to show all stack frames</a>
<div class='stack-trace' id='stack-trace104678309'><pre>java.lang.Throwable: Method CTC_FISHWorklow.CompletedWorklist()[pri:36, instance:biocept.qa.testcases.CTC_FISHWorklow@703580bf] depends on not successfully finished methods
	at org.testng.internal.Invoker.invokeTestMethods(Invoker.java:1033)
	at org.testng.internal.TestMethodWorker.invokeTestMethods(TestMethodWorker.java:125)
	at org.testng.internal.TestMethodWorker.run(TestMethodWorker.java:108)
	at org.testng.TestRunner.privateRun(TestRunner.java:774)
	at org.testng.TestRunner.run(TestRunner.java:624)
	at org.testng.SuiteRunner.runTest(SuiteRunner.java:359)
	at org.testng.SuiteRunner.runSequentially(SuiteRunner.java:354)
	at org.testng.SuiteRunner.privateRun(SuiteRunner.java:312)
	at org.testng.SuiteRunner.run(SuiteRunner.java:261)
	at org.testng.SuiteRunnerWorker.runSuite(SuiteRunnerWorker.java:52)
	at org.testng.SuiteRunnerWorker.run(SuiteRunnerWorker.java:86)
	at org.testng.TestNG.runSuitesSequentially(TestNG.java:1191)
	at org.testng.TestNG.runSuitesLocally(TestNG.java:1116)
	at org.testng.TestNG.run(TestNG.java:1024)
	at org.testng.remote.AbstractRemoteTestNG.run(AbstractRemoteTestNG.java:115)
	at org.testng.remote.RemoteTestNG.initAndRun(RemoteTestNG.java:251)
	at org.testng.remote.RemoteTestNG.main(RemoteTestNG.java:77)
</pre></div></td>
<td>0</td>
<td>null</td></tr>
<tr>
<td title='biocept.qa.testcases.CTC_FISHWorklow.ConfirmationOnTechOnlyPI()'><b>ConfirmationOnTechOnlyPI</b><br>Test class: biocept.qa.testcases.CTC_FISHWorklow<br>Test method: Verify the confirmation message when user clicks on QC complete button</td>
<td><div><pre>java.lang.Throwable: Method CTC_FISHWorklow.ConfirmationOnTechOnlyPI()[pri:30, instance:biocept.qa.testcases.CTC_FISHWorklow@703580bf] depends on not successfully finished methods
... Removed 17 stack frames</pre></div><a href='#' onClick='toggleBox("stack-trace597089358", this, "Click to show all stack frames", "Click to hide stack frames")'>Click to show all stack frames</a>
<div class='stack-trace' id='stack-trace597089358'><pre>java.lang.Throwable: Method CTC_FISHWorklow.ConfirmationOnTechOnlyPI()[pri:30, instance:biocept.qa.testcases.CTC_FISHWorklow@703580bf] depends on not successfully finished methods
	at org.testng.internal.Invoker.invokeTestMethods(Invoker.java:1033)
	at org.testng.internal.TestMethodWorker.invokeTestMethods(TestMethodWorker.java:125)
	at org.testng.internal.TestMethodWorker.run(TestMethodWorker.java:108)
	at org.testng.TestRunner.privateRun(TestRunner.java:774)
	at org.testng.TestRunner.run(TestRunner.java:624)
	at org.testng.SuiteRunner.runTest(SuiteRunner.java:359)
	at org.testng.SuiteRunner.runSequentially(SuiteRunner.java:354)
	at org.testng.SuiteRunner.privateRun(SuiteRunner.java:312)
	at org.testng.SuiteRunner.run(SuiteRunner.java:261)
	at org.testng.SuiteRunnerWorker.runSuite(SuiteRunnerWorker.java:52)
	at org.testng.SuiteRunnerWorker.run(SuiteRunnerWorker.java:86)
	at org.testng.TestNG.runSuitesSequentially(TestNG.java:1191)
	at org.testng.TestNG.runSuitesLocally(TestNG.java:1116)
	at org.testng.TestNG.run(TestNG.java:1024)
	at org.testng.remote.AbstractRemoteTestNG.run(AbstractRemoteTestNG.java:115)
	at org.testng.remote.RemoteTestNG.initAndRun(RemoteTestNG.java:251)
	at org.testng.remote.RemoteTestNG.main(RemoteTestNG.java:77)
</pre></div></td>
<td>0</td>
<td>null</td></tr>
<tr>
<td title='biocept.qa.testcases.CTC_FISHWorklow.FISHResultsSummary()'><b>FISHResultsSummary</b><br>Test class: biocept.qa.testcases.CTC_FISHWorklow<br>Test method: Verify user is able to complete the FISH Results Summary Activity</td>
<td><div><pre>java.lang.Throwable: Method CTC_FISHWorklow.FISHResultsSummary()[pri:27, instance:biocept.qa.testcases.CTC_FISHWorklow@703580bf] depends on not successfully finished methods
... Removed 17 stack frames</pre></div><a href='#' onClick='toggleBox("stack-trace1998511629", this, "Click to show all stack frames", "Click to hide stack frames")'>Click to show all stack frames</a>
<div class='stack-trace' id='stack-trace1998511629'><pre>java.lang.Throwable: Method CTC_FISHWorklow.FISHResultsSummary()[pri:27, instance:biocept.qa.testcases.CTC_FISHWorklow@703580bf] depends on not successfully finished methods
	at org.testng.internal.Invoker.invokeTestMethods(Invoker.java:1033)
	at org.testng.internal.TestMethodWorker.invokeTestMethods(TestMethodWorker.java:125)
	at org.testng.internal.TestMethodWorker.run(TestMethodWorker.java:108)
	at org.testng.TestRunner.privateRun(TestRunner.java:774)
	at org.testng.TestRunner.run(TestRunner.java:624)
	at org.testng.SuiteRunner.runTest(SuiteRunner.java:359)
	at org.testng.SuiteRunner.runSequentially(SuiteRunner.java:354)
	at org.testng.SuiteRunner.privateRun(SuiteRunner.java:312)
	at org.testng.SuiteRunner.run(SuiteRunner.java:261)
	at org.testng.SuiteRunnerWorker.runSuite(SuiteRunnerWorker.java:52)
	at org.testng.SuiteRunnerWorker.run(SuiteRunnerWorker.java:86)
	at org.testng.TestNG.runSuitesSequentially(TestNG.java:1191)
	at org.testng.TestNG.runSuitesLocally(TestNG.java:1116)
	at org.testng.TestNG.run(TestNG.java:1024)
	at org.testng.remote.AbstractRemoteTestNG.run(AbstractRemoteTestNG.java:115)
	at org.testng.remote.RemoteTestNG.initAndRun(RemoteTestNG.java:251)
	at org.testng.remote.RemoteTestNG.main(RemoteTestNG.java:77)
</pre></div></td>
<td>0</td>
<td>null</td></tr>
<tr>
<td title='biocept.qa.testcases.CTC_FISHWorklow.FISHResultsSummaryActivityTitle()'><b>FISHResultsSummaryActivityTitle</b><br>Test class: biocept.qa.testcases.CTC_FISHWorklow<br>Test method: Verify user is able to open the FISH Results Summary Activity</td>
<td><div><pre>java.lang.Throwable: Method CTC_FISHWorklow.FISHResultsSummaryActivityTitle()[pri:26, instance:biocept.qa.testcases.CTC_FISHWorklow@703580bf] depends on not successfully finished methods
... Removed 17 stack frames</pre></div><a href='#' onClick='toggleBox("stack-trace376540699", this, "Click to show all stack frames", "Click to hide stack frames")'>Click to show all stack frames</a>
<div class='stack-trace' id='stack-trace376540699'><pre>java.lang.Throwable: Method CTC_FISHWorklow.FISHResultsSummaryActivityTitle()[pri:26, instance:biocept.qa.testcases.CTC_FISHWorklow@703580bf] depends on not successfully finished methods
	at org.testng.internal.Invoker.invokeTestMethods(Invoker.java:1033)
	at org.testng.internal.TestMethodWorker.invokeTestMethods(TestMethodWorker.java:125)
	at org.testng.internal.TestMethodWorker.run(TestMethodWorker.java:108)
	at org.testng.TestRunner.privateRun(TestRunner.java:774)
	at org.testng.TestRunner.run(TestRunner.java:624)
	at org.testng.SuiteRunner.runTest(SuiteRunner.java:359)
	at org.testng.SuiteRunner.runSequentially(SuiteRunner.java:354)
	at org.testng.SuiteRunner.privateRun(SuiteRunner.java:312)
	at org.testng.SuiteRunner.run(SuiteRunner.java:261)
	at org.testng.SuiteRunnerWorker.runSuite(SuiteRunnerWorker.java:52)
	at org.testng.SuiteRunnerWorker.run(SuiteRunnerWorker.java:86)
	at org.testng.TestNG.runSuitesSequentially(TestNG.java:1191)
	at org.testng.TestNG.runSuitesLocally(TestNG.java:1116)
	at org.testng.TestNG.run(TestNG.java:1024)
	at org.testng.remote.AbstractRemoteTestNG.run(AbstractRemoteTestNG.java:115)
	at org.testng.remote.RemoteTestNG.initAndRun(RemoteTestNG.java:251)
	at org.testng.remote.RemoteTestNG.main(RemoteTestNG.java:77)
</pre></div></td>
<td>0</td>
<td>null</td></tr>
<tr>
<td title='biocept.qa.testcases.CTC_FISHWorklow.FishReviewApproveTitle()'><b>FishReviewApproveTitle</b><br>Test class: biocept.qa.testcases.CTC_FISHWorklow<br>Test method: Verify user is able to open FISH Review & Approve Worklist</td>
<td><div><pre>java.lang.Throwable: Method CTC_FISHWorklow.FishReviewApproveTitle()[pri:43, instance:biocept.qa.testcases.CTC_FISHWorklow@703580bf] depends on not successfully finished methods
... Removed 17 stack frames</pre></div><a href='#' onClick='toggleBox("stack-trace724826016", this, "Click to show all stack frames", "Click to hide stack frames")'>Click to show all stack frames</a>
<div class='stack-trace' id='stack-trace724826016'><pre>java.lang.Throwable: Method CTC_FISHWorklow.FishReviewApproveTitle()[pri:43, instance:biocept.qa.testcases.CTC_FISHWorklow@703580bf] depends on not successfully finished methods
	at org.testng.internal.Invoker.invokeTestMethods(Invoker.java:1033)
	at org.testng.internal.TestMethodWorker.invokeTestMethods(TestMethodWorker.java:125)
	at org.testng.internal.TestMethodWorker.run(TestMethodWorker.java:108)
	at org.testng.TestRunner.privateRun(TestRunner.java:774)
	at org.testng.TestRunner.run(TestRunner.java:624)
	at org.testng.SuiteRunner.runTest(SuiteRunner.java:359)
	at org.testng.SuiteRunner.runSequentially(SuiteRunner.java:354)
	at org.testng.SuiteRunner.privateRun(SuiteRunner.java:312)
	at org.testng.SuiteRunner.run(SuiteRunner.java:261)
	at org.testng.SuiteRunnerWorker.runSuite(SuiteRunnerWorker.java:52)
	at org.testng.SuiteRunnerWorker.run(SuiteRunnerWorker.java:86)
	at org.testng.TestNG.runSuitesSequentially(TestNG.java:1191)
	at org.testng.TestNG.runSuitesLocally(TestNG.java:1116)
	at org.testng.TestNG.run(TestNG.java:1024)
	at org.testng.remote.AbstractRemoteTestNG.run(AbstractRemoteTestNG.java:115)
	at org.testng.remote.RemoteTestNG.initAndRun(RemoteTestNG.java:251)
	at org.testng.remote.RemoteTestNG.main(RemoteTestNG.java:77)
</pre></div></td>
<td>0</td>
<td>null</td></tr>
<tr>
<td title='biocept.qa.testcases.CTC_FISHWorklow.GoBacktoPhysicianPortalButton()'><b>GoBacktoPhysicianPortalButton</b><br>Test class: biocept.qa.testcases.CTC_FISHWorklow<br>Test method: Verify Go Back to Physician Portal Button on Tech Only Professional Interpretation page.</td>
<td><div><pre>java.lang.Throwable: Method CTC_FISHWorklow.GoBacktoPhysicianPortalButton()[pri:34, instance:biocept.qa.testcases.CTC_FISHWorklow@703580bf] depends on not successfully finished methods
... Removed 17 stack frames</pre></div><a href='#' onClick='toggleBox("stack-trace1653389536", this, "Click to show all stack frames", "Click to hide stack frames")'>Click to show all stack frames</a>
<div class='stack-trace' id='stack-trace1653389536'><pre>java.lang.Throwable: Method CTC_FISHWorklow.GoBacktoPhysicianPortalButton()[pri:34, instance:biocept.qa.testcases.CTC_FISHWorklow@703580bf] depends on not successfully finished methods
	at org.testng.internal.Invoker.invokeTestMethods(Invoker.java:1033)
	at org.testng.internal.TestMethodWorker.invokeTestMethods(TestMethodWorker.java:125)
	at org.testng.internal.TestMethodWorker.run(TestMethodWorker.java:108)
	at org.testng.TestRunner.privateRun(TestRunner.java:774)
	at org.testng.TestRunner.run(TestRunner.java:624)
	at org.testng.SuiteRunner.runTest(SuiteRunner.java:359)
	at org.testng.SuiteRunner.runSequentially(SuiteRunner.java:354)
	at org.testng.SuiteRunner.privateRun(SuiteRunner.java:312)
	at org.testng.SuiteRunner.run(SuiteRunner.java:261)
	at org.testng.SuiteRunnerWorker.runSuite(SuiteRunnerWorker.java:52)
	at org.testng.SuiteRunnerWorker.run(SuiteRunnerWorker.java:86)
	at org.testng.TestNG.runSuitesSequentially(TestNG.java:1191)
	at org.testng.TestNG.runSuitesLocally(TestNG.java:1116)
	at org.testng.TestNG.run(TestNG.java:1024)
	at org.testng.remote.AbstractRemoteTestNG.run(AbstractRemoteTestNG.java:115)
	at org.testng.remote.RemoteTestNG.initAndRun(RemoteTestNG.java:251)
	at org.testng.remote.RemoteTestNG.main(RemoteTestNG.java:77)
</pre></div></td>
<td>0</td>
<td>null</td></tr>
<tr>
<td title='biocept.qa.testcases.CTC_FISHWorklow.OrderHistoryWorklist()'><b>OrderHistoryWorklist</b><br>Test class: biocept.qa.testcases.CTC_FISHWorklow<br>Test method: Verify Tech Only Professional Interpretation Button on Order History Worklist</td>
<td><div><pre>java.lang.Throwable: Method CTC_FISHWorklow.OrderHistoryWorklist()[pri:33, instance:biocept.qa.testcases.CTC_FISHWorklow@703580bf] depends on not successfully finished methods
... Removed 17 stack frames</pre></div><a href='#' onClick='toggleBox("stack-trace2031522930", this, "Click to show all stack frames", "Click to hide stack frames")'>Click to show all stack frames</a>
<div class='stack-trace' id='stack-trace2031522930'><pre>java.lang.Throwable: Method CTC_FISHWorklow.OrderHistoryWorklist()[pri:33, instance:biocept.qa.testcases.CTC_FISHWorklow@703580bf] depends on not successfully finished methods
	at org.testng.internal.Invoker.invokeTestMethods(Invoker.java:1033)
	at org.testng.internal.TestMethodWorker.invokeTestMethods(TestMethodWorker.java:125)
	at org.testng.internal.TestMethodWorker.run(TestMethodWorker.java:108)
	at org.testng.TestRunner.privateRun(TestRunner.java:774)
	at org.testng.TestRunner.run(TestRunner.java:624)
	at org.testng.SuiteRunner.runTest(SuiteRunner.java:359)
	at org.testng.SuiteRunner.runSequentially(SuiteRunner.java:354)
	at org.testng.SuiteRunner.privateRun(SuiteRunner.java:312)
	at org.testng.SuiteRunner.run(SuiteRunner.java:261)
	at org.testng.SuiteRunnerWorker.runSuite(SuiteRunnerWorker.java:52)
	at org.testng.SuiteRunnerWorker.run(SuiteRunnerWorker.java:86)
	at org.testng.TestNG.runSuitesSequentially(TestNG.java:1191)
	at org.testng.TestNG.runSuitesLocally(TestNG.java:1116)
	at org.testng.TestNG.run(TestNG.java:1024)
	at org.testng.remote.AbstractRemoteTestNG.run(AbstractRemoteTestNG.java:115)
	at org.testng.remote.RemoteTestNG.initAndRun(RemoteTestNG.java:251)
	at org.testng.remote.RemoteTestNG.main(RemoteTestNG.java:77)
</pre></div></td>
<td>0</td>
<td>null</td></tr>
<tr>
<td title='biocept.qa.testcases.CTC_FISHWorklow.PIActivityTitle()'><b>PIActivityTitle</b><br>Test class: biocept.qa.testcases.CTC_FISHWorklow<br>Test method: Verify user is able to open the TechOnly Professional Interpretation Activity</td>
<td><div><pre>java.lang.Throwable: Method CTC_FISHWorklow.PIActivityTitle()[pri:28, instance:biocept.qa.testcases.CTC_FISHWorklow@703580bf] depends on not successfully finished methods
... Removed 17 stack frames</pre></div><a href='#' onClick='toggleBox("stack-trace88893820", this, "Click to show all stack frames", "Click to hide stack frames")'>Click to show all stack frames</a>
<div class='stack-trace' id='stack-trace88893820'><pre>java.lang.Throwable: Method CTC_FISHWorklow.PIActivityTitle()[pri:28, instance:biocept.qa.testcases.CTC_FISHWorklow@703580bf] depends on not successfully finished methods
	at org.testng.internal.Invoker.invokeTestMethods(Invoker.java:1033)
	at org.testng.internal.TestMethodWorker.invokeTestMethods(TestMethodWorker.java:125)
	at org.testng.internal.TestMethodWorker.run(TestMethodWorker.java:108)
	at org.testng.TestRunner.privateRun(TestRunner.java:774)
	at org.testng.TestRunner.run(TestRunner.java:624)
	at org.testng.SuiteRunner.runTest(SuiteRunner.java:359)
	at org.testng.SuiteRunner.runSequentially(SuiteRunner.java:354)
	at org.testng.SuiteRunner.privateRun(SuiteRunner.java:312)
	at org.testng.SuiteRunner.run(SuiteRunner.java:261)
	at org.testng.SuiteRunnerWorker.runSuite(SuiteRunnerWorker.java:52)
	at org.testng.SuiteRunnerWorker.run(SuiteRunnerWorker.java:86)
	at org.testng.TestNG.runSuitesSequentially(TestNG.java:1191)
	at org.testng.TestNG.runSuitesLocally(TestNG.java:1116)
	at org.testng.TestNG.run(TestNG.java:1024)
	at org.testng.remote.AbstractRemoteTestNG.run(AbstractRemoteTestNG.java:115)
	at org.testng.remote.RemoteTestNG.initAndRun(RemoteTestNG.java:251)
	at org.testng.remote.RemoteTestNG.main(RemoteTestNG.java:77)
</pre></div></td>
<td>0</td>
<td>null</td></tr>
<tr>
<td title='biocept.qa.testcases.CTC_FISHWorklow.PhysicianPortalLogin()'><b>PhysicianPortalLogin</b><br>Test class: biocept.qa.testcases.CTC_FISHWorklow<br>Test method: Verify user is able to login in Physician Portal</td>
<td><div><pre>java.lang.Throwable: Method CTC_FISHWorklow.PhysicianPortalLogin()[pri:32, instance:biocept.qa.testcases.CTC_FISHWorklow@703580bf] depends on not successfully finished methods
... Removed 17 stack frames</pre></div><a href='#' onClick='toggleBox("stack-trace840696258", this, "Click to show all stack frames", "Click to hide stack frames")'>Click to show all stack frames</a>
<div class='stack-trace' id='stack-trace840696258'><pre>java.lang.Throwable: Method CTC_FISHWorklow.PhysicianPortalLogin()[pri:32, instance:biocept.qa.testcases.CTC_FISHWorklow@703580bf] depends on not successfully finished methods
	at org.testng.internal.Invoker.invokeTestMethods(Invoker.java:1033)
	at org.testng.internal.TestMethodWorker.invokeTestMethods(TestMethodWorker.java:125)
	at org.testng.internal.TestMethodWorker.run(TestMethodWorker.java:108)
	at org.testng.TestRunner.privateRun(TestRunner.java:774)
	at org.testng.TestRunner.run(TestRunner.java:624)
	at org.testng.SuiteRunner.runTest(SuiteRunner.java:359)
	at org.testng.SuiteRunner.runSequentially(SuiteRunner.java:354)
	at org.testng.SuiteRunner.privateRun(SuiteRunner.java:312)
	at org.testng.SuiteRunner.run(SuiteRunner.java:261)
	at org.testng.SuiteRunnerWorker.runSuite(SuiteRunnerWorker.java:52)
	at org.testng.SuiteRunnerWorker.run(SuiteRunnerWorker.java:86)
	at org.testng.TestNG.runSuitesSequentially(TestNG.java:1191)
	at org.testng.TestNG.runSuitesLocally(TestNG.java:1116)
	at org.testng.TestNG.run(TestNG.java:1024)
	at org.testng.remote.AbstractRemoteTestNG.run(AbstractRemoteTestNG.java:115)
	at org.testng.remote.RemoteTestNG.initAndRun(RemoteTestNG.java:251)
	at org.testng.remote.RemoteTestNG.main(RemoteTestNG.java:77)
</pre></div></td>
<td>0</td>
<td>null</td></tr>
<tr>
<td title='biocept.qa.testcases.CTC_FISHWorklow.QAReportingWorklist()'><b>QAReportingWorklist</b><br>Test class: biocept.qa.testcases.CTC_FISHWorklow<br>Test method: Verify user is able to complete the QA Reporting</td>
<td><div><pre>java.lang.Throwable: Method CTC_FISHWorklow.QAReportingWorklist()[pri:42, instance:biocept.qa.testcases.CTC_FISHWorklow@703580bf] depends on not successfully finished methods
... Removed 17 stack frames</pre></div><a href='#' onClick='toggleBox("stack-trace133900525", this, "Click to show all stack frames", "Click to hide stack frames")'>Click to show all stack frames</a>
<div class='stack-trace' id='stack-trace133900525'><pre>java.lang.Throwable: Method CTC_FISHWorklow.QAReportingWorklist()[pri:42, instance:biocept.qa.testcases.CTC_FISHWorklow@703580bf] depends on not successfully finished methods
	at org.testng.internal.Invoker.invokeTestMethods(Invoker.java:1033)
	at org.testng.internal.TestMethodWorker.invokeTestMethods(TestMethodWorker.java:125)
	at org.testng.internal.TestMethodWorker.run(TestMethodWorker.java:108)
	at org.testng.TestRunner.privateRun(TestRunner.java:774)
	at org.testng.TestRunner.run(TestRunner.java:624)
	at org.testng.SuiteRunner.runTest(SuiteRunner.java:359)
	at org.testng.SuiteRunner.runSequentially(SuiteRunner.java:354)
	at org.testng.SuiteRunner.privateRun(SuiteRunner.java:312)
	at org.testng.SuiteRunner.run(SuiteRunner.java:261)
	at org.testng.SuiteRunnerWorker.runSuite(SuiteRunnerWorker.java:52)
	at org.testng.SuiteRunnerWorker.run(SuiteRunnerWorker.java:86)
	at org.testng.TestNG.runSuitesSequentially(TestNG.java:1191)
	at org.testng.TestNG.runSuitesLocally(TestNG.java:1116)
	at org.testng.TestNG.run(TestNG.java:1024)
	at org.testng.remote.AbstractRemoteTestNG.run(AbstractRemoteTestNG.java:115)
	at org.testng.remote.RemoteTestNG.initAndRun(RemoteTestNG.java:251)
	at org.testng.remote.RemoteTestNG.main(RemoteTestNG.java:77)
</pre></div></td>
<td>0</td>
<td>null</td></tr>
<tr>
<td title='biocept.qa.testcases.CTC_FISHWorklow.QAReportingWorklistTitle()'><b>QAReportingWorklistTitle</b><br>Test class: biocept.qa.testcases.CTC_FISHWorklow<br>Test method: Verify user is able to open the QA Reporting Worklist</td>
<td><div><pre>java.lang.Throwable: Method CTC_FISHWorklow.QAReportingWorklistTitle()[pri:41, instance:biocept.qa.testcases.CTC_FISHWorklow@703580bf] depends on not successfully finished methods
... Removed 17 stack frames</pre></div><a href='#' onClick='toggleBox("stack-trace467058608", this, "Click to show all stack frames", "Click to hide stack frames")'>Click to show all stack frames</a>
<div class='stack-trace' id='stack-trace467058608'><pre>java.lang.Throwable: Method CTC_FISHWorklow.QAReportingWorklistTitle()[pri:41, instance:biocept.qa.testcases.CTC_FISHWorklow@703580bf] depends on not successfully finished methods
	at org.testng.internal.Invoker.invokeTestMethods(Invoker.java:1033)
	at org.testng.internal.TestMethodWorker.invokeTestMethods(TestMethodWorker.java:125)
	at org.testng.internal.TestMethodWorker.run(TestMethodWorker.java:108)
	at org.testng.TestRunner.privateRun(TestRunner.java:774)
	at org.testng.TestRunner.run(TestRunner.java:624)
	at org.testng.SuiteRunner.runTest(SuiteRunner.java:359)
	at org.testng.SuiteRunner.runSequentially(SuiteRunner.java:354)
	at org.testng.SuiteRunner.privateRun(SuiteRunner.java:312)
	at org.testng.SuiteRunner.run(SuiteRunner.java:261)
	at org.testng.SuiteRunnerWorker.runSuite(SuiteRunnerWorker.java:52)
	at org.testng.SuiteRunnerWorker.run(SuiteRunnerWorker.java:86)
	at org.testng.TestNG.runSuitesSequentially(TestNG.java:1191)
	at org.testng.TestNG.runSuitesLocally(TestNG.java:1116)
	at org.testng.TestNG.run(TestNG.java:1024)
	at org.testng.remote.AbstractRemoteTestNG.run(AbstractRemoteTestNG.java:115)
	at org.testng.remote.RemoteTestNG.initAndRun(RemoteTestNG.java:251)
	at org.testng.remote.RemoteTestNG.main(RemoteTestNG.java:77)
</pre></div></td>
<td>0</td>
<td>null</td></tr>
<tr>
<td title='biocept.qa.testcases.CTC_FISHWorklow.QCComplete()'><b>QCComplete</b><br>Test class: biocept.qa.testcases.CTC_FISHWorklow<br>Test method: Verify user is able to QC Complete the PI Activity</td>
<td><div><pre>java.lang.Throwable: Method CTC_FISHWorklow.QCComplete()[pri:31, instance:biocept.qa.testcases.CTC_FISHWorklow@703580bf] depends on not successfully finished methods
... Removed 17 stack frames</pre></div><a href='#' onClick='toggleBox("stack-trace1478857516", this, "Click to show all stack frames", "Click to hide stack frames")'>Click to show all stack frames</a>
<div class='stack-trace' id='stack-trace1478857516'><pre>java.lang.Throwable: Method CTC_FISHWorklow.QCComplete()[pri:31, instance:biocept.qa.testcases.CTC_FISHWorklow@703580bf] depends on not successfully finished methods
	at org.testng.internal.Invoker.invokeTestMethods(Invoker.java:1033)
	at org.testng.internal.TestMethodWorker.invokeTestMethods(TestMethodWorker.java:125)
	at org.testng.internal.TestMethodWorker.run(TestMethodWorker.java:108)
	at org.testng.TestRunner.privateRun(TestRunner.java:774)
	at org.testng.TestRunner.run(TestRunner.java:624)
	at org.testng.SuiteRunner.runTest(SuiteRunner.java:359)
	at org.testng.SuiteRunner.runSequentially(SuiteRunner.java:354)
	at org.testng.SuiteRunner.privateRun(SuiteRunner.java:312)
	at org.testng.SuiteRunner.run(SuiteRunner.java:261)
	at org.testng.SuiteRunnerWorker.runSuite(SuiteRunnerWorker.java:52)
	at org.testng.SuiteRunnerWorker.run(SuiteRunnerWorker.java:86)
	at org.testng.TestNG.runSuitesSequentially(TestNG.java:1191)
	at org.testng.TestNG.runSuitesLocally(TestNG.java:1116)
	at org.testng.TestNG.run(TestNG.java:1024)
	at org.testng.remote.AbstractRemoteTestNG.run(AbstractRemoteTestNG.java:115)
	at org.testng.remote.RemoteTestNG.initAndRun(RemoteTestNG.java:251)
	at org.testng.remote.RemoteTestNG.main(RemoteTestNG.java:77)
</pre></div></td>
<td>0</td>
<td>null</td></tr>
<tr>
<td title='biocept.qa.testcases.CTC_FISHWorklow.QC_CompleteButtonOnProfessionalInterpretation()'><b>QC_CompleteButtonOnProfessionalInterpretation</b><br>Test class: biocept.qa.testcases.CTC_FISHWorklow<br>Test method: Verify the QC CompleteButton button on Professional Interpretation page</td>
<td><div><pre>java.lang.Throwable: Method CTC_FISHWorklow.QC_CompleteButtonOnProfessionalInterpretation()[pri:29, instance:biocept.qa.testcases.CTC_FISHWorklow@703580bf] depends on not successfully finished methods
... Removed 17 stack frames</pre></div><a href='#' onClick='toggleBox("stack-trace1676155590", this, "Click to show all stack frames", "Click to hide stack frames")'>Click to show all stack frames</a>
<div class='stack-trace' id='stack-trace1676155590'><pre>java.lang.Throwable: Method CTC_FISHWorklow.QC_CompleteButtonOnProfessionalInterpretation()[pri:29, instance:biocept.qa.testcases.CTC_FISHWorklow@703580bf] depends on not successfully finished methods
	at org.testng.internal.Invoker.invokeTestMethods(Invoker.java:1033)
	at org.testng.internal.TestMethodWorker.invokeTestMethods(TestMethodWorker.java:125)
	at org.testng.internal.TestMethodWorker.run(TestMethodWorker.java:108)
	at org.testng.TestRunner.privateRun(TestRunner.java:774)
	at org.testng.TestRunner.run(TestRunner.java:624)
	at org.testng.SuiteRunner.runTest(SuiteRunner.java:359)
	at org.testng.SuiteRunner.runSequentially(SuiteRunner.java:354)
	at org.testng.SuiteRunner.privateRun(SuiteRunner.java:312)
	at org.testng.SuiteRunner.run(SuiteRunner.java:261)
	at org.testng.SuiteRunnerWorker.runSuite(SuiteRunnerWorker.java:52)
	at org.testng.SuiteRunnerWorker.run(SuiteRunnerWorker.java:86)
	at org.testng.TestNG.runSuitesSequentially(TestNG.java:1191)
	at org.testng.TestNG.runSuitesLocally(TestNG.java:1116)
	at org.testng.TestNG.run(TestNG.java:1024)
	at org.testng.remote.AbstractRemoteTestNG.run(AbstractRemoteTestNG.java:115)
	at org.testng.remote.RemoteTestNG.initAndRun(RemoteTestNG.java:251)
	at org.testng.remote.RemoteTestNG.main(RemoteTestNG.java:77)
</pre></div></td>
<td>0</td>
<td>null</td></tr>
<tr>
<td title='biocept.qa.testcases.CTC_FISHWorklow.ReopenConfirmationPopupOnCompletedWorklist()'><b>ReopenConfirmationPopupOnCompletedWorklist</b><br>Test class: biocept.qa.testcases.CTC_FISHWorklow<br>Test method: Verify the functionality when user tries to reopen the case from completed worklist</td>
<td><div><pre>java.lang.Throwable: Method CTC_FISHWorklow.ReopenConfirmationPopupOnCompletedWorklist()[pri:38, instance:biocept.qa.testcases.CTC_FISHWorklow@703580bf] depends on not successfully finished methods
... Removed 17 stack frames</pre></div><a href='#' onClick='toggleBox("stack-trace1852361929", this, "Click to show all stack frames", "Click to hide stack frames")'>Click to show all stack frames</a>
<div class='stack-trace' id='stack-trace1852361929'><pre>java.lang.Throwable: Method CTC_FISHWorklow.ReopenConfirmationPopupOnCompletedWorklist()[pri:38, instance:biocept.qa.testcases.CTC_FISHWorklow@703580bf] depends on not successfully finished methods
	at org.testng.internal.Invoker.invokeTestMethods(Invoker.java:1033)
	at org.testng.internal.TestMethodWorker.invokeTestMethods(TestMethodWorker.java:125)
	at org.testng.internal.TestMethodWorker.run(TestMethodWorker.java:108)
	at org.testng.TestRunner.privateRun(TestRunner.java:774)
	at org.testng.TestRunner.run(TestRunner.java:624)
	at org.testng.SuiteRunner.runTest(SuiteRunner.java:359)
	at org.testng.SuiteRunner.runSequentially(SuiteRunner.java:354)
	at org.testng.SuiteRunner.privateRun(SuiteRunner.java:312)
	at org.testng.SuiteRunner.run(SuiteRunner.java:261)
	at org.testng.SuiteRunnerWorker.runSuite(SuiteRunnerWorker.java:52)
	at org.testng.SuiteRunnerWorker.run(SuiteRunnerWorker.java:86)
	at org.testng.TestNG.runSuitesSequentially(TestNG.java:1191)
	at org.testng.TestNG.runSuitesLocally(TestNG.java:1116)
	at org.testng.TestNG.run(TestNG.java:1024)
	at org.testng.remote.AbstractRemoteTestNG.run(AbstractRemoteTestNG.java:115)
	at org.testng.remote.RemoteTestNG.initAndRun(RemoteTestNG.java:251)
	at org.testng.remote.RemoteTestNG.main(RemoteTestNG.java:77)
</pre></div></td>
<td>0</td>
<td>null</td></tr>
<tr>
<td title='biocept.qa.testcases.CTC_FISHWorklow.ReportVersionSelectionPopUp()'><b>ReportVersionSelectionPopUp</b><br>Test class: biocept.qa.testcases.CTC_FISHWorklow<br>Test method: Verify the functionality when user tries to signoff the report again</td>
<td><div><pre>java.lang.Throwable: Method CTC_FISHWorklow.ReportVersionSelectionPopUp()[pri:44, instance:biocept.qa.testcases.CTC_FISHWorklow@703580bf] depends on not successfully finished methods
... Removed 17 stack frames</pre></div><a href='#' onClick='toggleBox("stack-trace794042208", this, "Click to show all stack frames", "Click to hide stack frames")'>Click to show all stack frames</a>
<div class='stack-trace' id='stack-trace794042208'><pre>java.lang.Throwable: Method CTC_FISHWorklow.ReportVersionSelectionPopUp()[pri:44, instance:biocept.qa.testcases.CTC_FISHWorklow@703580bf] depends on not successfully finished methods
	at org.testng.internal.Invoker.invokeTestMethods(Invoker.java:1033)
	at org.testng.internal.TestMethodWorker.invokeTestMethods(TestMethodWorker.java:125)
	at org.testng.internal.TestMethodWorker.run(TestMethodWorker.java:108)
	at org.testng.TestRunner.privateRun(TestRunner.java:774)
	at org.testng.TestRunner.run(TestRunner.java:624)
	at org.testng.SuiteRunner.runTest(SuiteRunner.java:359)
	at org.testng.SuiteRunner.runSequentially(SuiteRunner.java:354)
	at org.testng.SuiteRunner.privateRun(SuiteRunner.java:312)
	at org.testng.SuiteRunner.run(SuiteRunner.java:261)
	at org.testng.SuiteRunnerWorker.runSuite(SuiteRunnerWorker.java:52)
	at org.testng.SuiteRunnerWorker.run(SuiteRunnerWorker.java:86)
	at org.testng.TestNG.runSuitesSequentially(TestNG.java:1191)
	at org.testng.TestNG.runSuitesLocally(TestNG.java:1116)
	at org.testng.TestNG.run(TestNG.java:1024)
	at org.testng.remote.AbstractRemoteTestNG.run(AbstractRemoteTestNG.java:115)
	at org.testng.remote.RemoteTestNG.initAndRun(RemoteTestNG.java:251)
	at org.testng.remote.RemoteTestNG.main(RemoteTestNG.java:77)
</pre></div></td>
<td>0</td>
<td>null</td></tr>
<tr>
<td title='biocept.qa.testcases.CTC_FISHWorklow.SignoffReportFromPhysicianPortal()'><b>SignoffReportFromPhysicianPortal</b><br>Test class: biocept.qa.testcases.CTC_FISHWorklow<br>Test method: Verify user is able to signoff the report from Physician Portal.</td>
<td><div><pre>java.lang.Throwable: Method CTC_FISHWorklow.SignoffReportFromPhysicianPortal()[pri:35, instance:biocept.qa.testcases.CTC_FISHWorklow@703580bf] depends on not successfully finished methods
... Removed 17 stack frames</pre></div><a href='#' onClick='toggleBox("stack-trace1417802244", this, "Click to show all stack frames", "Click to hide stack frames")'>Click to show all stack frames</a>
<div class='stack-trace' id='stack-trace1417802244'><pre>java.lang.Throwable: Method CTC_FISHWorklow.SignoffReportFromPhysicianPortal()[pri:35, instance:biocept.qa.testcases.CTC_FISHWorklow@703580bf] depends on not successfully finished methods
	at org.testng.internal.Invoker.invokeTestMethods(Invoker.java:1033)
	at org.testng.internal.TestMethodWorker.invokeTestMethods(TestMethodWorker.java:125)
	at org.testng.internal.TestMethodWorker.run(TestMethodWorker.java:108)
	at org.testng.TestRunner.privateRun(TestRunner.java:774)
	at org.testng.TestRunner.run(TestRunner.java:624)
	at org.testng.SuiteRunner.runTest(SuiteRunner.java:359)
	at org.testng.SuiteRunner.runSequentially(SuiteRunner.java:354)
	at org.testng.SuiteRunner.privateRun(SuiteRunner.java:312)
	at org.testng.SuiteRunner.run(SuiteRunner.java:261)
	at org.testng.SuiteRunnerWorker.runSuite(SuiteRunnerWorker.java:52)
	at org.testng.SuiteRunnerWorker.run(SuiteRunnerWorker.java:86)
	at org.testng.TestNG.runSuitesSequentially(TestNG.java:1191)
	at org.testng.TestNG.runSuitesLocally(TestNG.java:1116)
	at org.testng.TestNG.run(TestNG.java:1024)
	at org.testng.remote.AbstractRemoteTestNG.run(AbstractRemoteTestNG.java:115)
	at org.testng.remote.RemoteTestNG.initAndRun(RemoteTestNG.java:251)
	at org.testng.remote.RemoteTestNG.main(RemoteTestNG.java:77)
</pre></div></td>
<td>0</td>
<td>null</td></tr>
<tr>
<td title='biocept.qa.testcases.CTC_FISHWorklow.SignoffTheReportForNewVersion()'><b>SignoffTheReportForNewVersion</b><br>Test class: biocept.qa.testcases.CTC_FISHWorklow<br>Test method: Verify user is able to create a new version of report</td>
<td><div><pre>java.lang.Throwable: Method CTC_FISHWorklow.SignoffTheReportForNewVersion()[pri:45, instance:biocept.qa.testcases.CTC_FISHWorklow@703580bf] depends on not successfully finished methods
... Removed 17 stack frames</pre></div><a href='#' onClick='toggleBox("stack-trace695628118", this, "Click to show all stack frames", "Click to hide stack frames")'>Click to show all stack frames</a>
<div class='stack-trace' id='stack-trace695628118'><pre>java.lang.Throwable: Method CTC_FISHWorklow.SignoffTheReportForNewVersion()[pri:45, instance:biocept.qa.testcases.CTC_FISHWorklow@703580bf] depends on not successfully finished methods
	at org.testng.internal.Invoker.invokeTestMethods(Invoker.java:1033)
	at org.testng.internal.TestMethodWorker.invokeTestMethods(TestMethodWorker.java:125)
	at org.testng.internal.TestMethodWorker.run(TestMethodWorker.java:108)
	at org.testng.TestRunner.privateRun(TestRunner.java:774)
	at org.testng.TestRunner.run(TestRunner.java:624)
	at org.testng.SuiteRunner.runTest(SuiteRunner.java:359)
	at org.testng.SuiteRunner.runSequentially(SuiteRunner.java:354)
	at org.testng.SuiteRunner.privateRun(SuiteRunner.java:312)
	at org.testng.SuiteRunner.run(SuiteRunner.java:261)
	at org.testng.SuiteRunnerWorker.runSuite(SuiteRunnerWorker.java:52)
	at org.testng.SuiteRunnerWorker.run(SuiteRunnerWorker.java:86)
	at org.testng.TestNG.runSuitesSequentially(TestNG.java:1191)
	at org.testng.TestNG.runSuitesLocally(TestNG.java:1116)
	at org.testng.TestNG.run(TestNG.java:1024)
	at org.testng.remote.AbstractRemoteTestNG.run(AbstractRemoteTestNG.java:115)
	at org.testng.remote.RemoteTestNG.initAndRun(RemoteTestNG.java:251)
	at org.testng.remote.RemoteTestNG.main(RemoteTestNG.java:77)
</pre></div></td>
<td>0</td>
<td>null</td></tr>
<tr>
<td title='biocept.qa.testcases.CTC_FISHWorklow.TechOnlyProfessionalInterpretation()'><b>TechOnlyProfessionalInterpretation</b><br>Test class: biocept.qa.testcases.CTC_FISHWorklow<br>Test method: Verify user is able to complete the PI Activity</td>
<td><div><pre>java.lang.Throwable: Method CTC_FISHWorklow.TechOnlyProfessionalInterpretation()[pri:40, instance:biocept.qa.testcases.CTC_FISHWorklow@703580bf] depends on not successfully finished methods
... Removed 17 stack frames</pre></div><a href='#' onClick='toggleBox("stack-trace1836725311", this, "Click to show all stack frames", "Click to hide stack frames")'>Click to show all stack frames</a>
<div class='stack-trace' id='stack-trace1836725311'><pre>java.lang.Throwable: Method CTC_FISHWorklow.TechOnlyProfessionalInterpretation()[pri:40, instance:biocept.qa.testcases.CTC_FISHWorklow@703580bf] depends on not successfully finished methods
	at org.testng.internal.Invoker.invokeTestMethods(Invoker.java:1033)
	at org.testng.internal.TestMethodWorker.invokeTestMethods(TestMethodWorker.java:125)
	at org.testng.internal.TestMethodWorker.run(TestMethodWorker.java:108)
	at org.testng.TestRunner.privateRun(TestRunner.java:774)
	at org.testng.TestRunner.run(TestRunner.java:624)
	at org.testng.SuiteRunner.runTest(SuiteRunner.java:359)
	at org.testng.SuiteRunner.runSequentially(SuiteRunner.java:354)
	at org.testng.SuiteRunner.privateRun(SuiteRunner.java:312)
	at org.testng.SuiteRunner.run(SuiteRunner.java:261)
	at org.testng.SuiteRunnerWorker.runSuite(SuiteRunnerWorker.java:52)
	at org.testng.SuiteRunnerWorker.run(SuiteRunnerWorker.java:86)
	at org.testng.TestNG.runSuitesSequentially(TestNG.java:1191)
	at org.testng.TestNG.runSuitesLocally(TestNG.java:1116)
	at org.testng.TestNG.run(TestNG.java:1024)
	at org.testng.remote.AbstractRemoteTestNG.run(AbstractRemoteTestNG.java:115)
	at org.testng.remote.RemoteTestNG.initAndRun(RemoteTestNG.java:251)
	at org.testng.remote.RemoteTestNG.main(RemoteTestNG.java:77)
</pre></div></td>
<td>0</td>
<td>null</td></tr>
</table><p>
</body>
</html>